This is pdfTeX, Version 3.141592653-2.6-1.40.29 (MiKTeX 26.2) (preloaded format=pdflatex 2026.3.26)  27 MAR 2026 19:48
entering extended mode
 restricted \write18 enabled.
 %&-line parsing enabled.
**./PAPER_016_PRODUCTION_HARDENING.tex
(PAPER_016_PRODUCTION_HARDENING.tex
LaTeX2e <2025-11-01>
L3 programming layer <2026-01-19>
(C:\Users\bryan\AppData\Roaming\MiKTeX\tex/latex/ieeetran\IEEEtran.cls
Document Class: IEEEtran 2015/08/26 V1.8b by Michael Shell
-- See the "IEEEtran_HOWTO" manual for usage information.
-- http://www.michaelshell.org/tex/ieeetran/
\@IEEEtrantmpdimenA=\dimen148
\@IEEEtrantmpdimenB=\dimen149
\@IEEEtrantmpdimenC=\dimen150
\@IEEEtrantmpcountA=\count275
\@IEEEtrantmpcountB=\count276
\@IEEEtrantmpcountC=\count277
\@IEEEtrantmptoksA=\toks17
LaTeX Font Info:    Trying to load font information for OT1+ppl on input line 5
03.
(C:\Users\bryan\AppData\Roaming\MiKTeX\tex/latex/psnfss\ot1ppl.fd
File: ot1ppl.fd 2001/06/04 font definitions for OT1/ppl.
)
-- Using IEEE Computer Society mode.
-- Using 8.5in x 11in (letter) paper.
-- Using PDF output.
\@IEEEnormalsizeunitybaselineskip=\dimen151
-- This is a 10 point document.
LaTeX Encoding Info:    Redeclaring text command \textunderscore (encoding ?) o
n input line 937.
\CLASSINFOnormalsizebaselineskip=\dimen152
\CLASSINFOnormalsizeunitybaselineskip=\dimen153
\IEEEnormaljot=\dimen154
LaTeX Font Info:    Font shape `OT1/ppl/bx/n' in size <5.01874> not available
(Font)              Font shape `OT1/ppl/b/n' tried instead on input line 1090.
LaTeX Font Info:    Font shape `OT1/ppl/bx/it' in size <5.01874> not available
(Font)              Font shape `OT1/ppl/b/it' tried instead on input line 1090.

LaTeX Font Info:    Font shape `OT1/ppl/bx/n' in size <7.02625> not available
(Font)              Font shape `OT1/ppl/b/n' tried instead on input line 1090.
LaTeX Font Info:    Font shape `OT1/ppl/bx/it' in size <7.02625> not available
(Font)              Font shape `OT1/ppl/b/it' tried instead on input line 1090.

LaTeX Font Info:    Font shape `OT1/ppl/bx/n' in size <8.03> not available
(Font)              Font shape `OT1/ppl/b/n' tried instead on input line 1090.
LaTeX Font Info:    Font shape `OT1/ppl/bx/it' in size <8.03> not available
(Font)              Font shape `OT1/ppl/b/it' tried instead on input line 1090.

LaTeX Font Info:    Font shape `OT1/ppl/bx/n' in size <9.03374> not available
(Font)              Font shape `OT1/ppl/b/n' tried instead on input line 1090.
LaTeX Font Info:    Font shape `OT1/ppl/bx/it' in size <9.03374> not available
(Font)              Font shape `OT1/ppl/b/it' tried instead on input line 1090.

LaTeX Font Info:    Font shape `OT1/ppl/bx/n' in size <9.53561> not available
(Font)              Font shape `OT1/ppl/b/n' tried instead on input line 1090.
LaTeX Font Info:    Font shape `OT1/ppl/bx/it' in size <9.53561> not available
(Font)              Font shape `OT1/ppl/b/it' tried instead on input line 1090.

LaTeX Font Info:    Font shape `OT1/ppl/bx/n' in size <11.04124> not available
(Font)              Font shape `OT1/ppl/b/n' tried instead on input line 1090.
LaTeX Font Info:    Font shape `OT1/ppl/bx/it' in size <11.04124> not available

(Font)              Font shape `OT1/ppl/b/it' tried instead on input line 1090.

LaTeX Font Info:    Font shape `OT1/ppl/bx/n' in size <12.045> not available
(Font)              Font shape `OT1/ppl/b/n' tried instead on input line 1090.
LaTeX Font Info:    Font shape `OT1/ppl/bx/it' in size <12.045> not available
(Font)              Font shape `OT1/ppl/b/it' tried instead on input line 1090.

LaTeX Font Info:    Font shape `OT1/ppl/bx/n' in size <17.06374> not available
(Font)              Font shape `OT1/ppl/b/n' tried instead on input line 1090.
LaTeX Font Info:    Font shape `OT1/ppl/bx/it' in size <17.06374> not available

(Font)              Font shape `OT1/ppl/b/it' tried instead on input line 1090.

LaTeX Font Info:    Font shape `OT1/ppl/bx/n' in size <20.075> not available
(Font)              Font shape `OT1/ppl/b/n' tried instead on input line 1090.
LaTeX Font Info:    Font shape `OT1/ppl/bx/it' in size <20.075> not available
(Font)              Font shape `OT1/ppl/b/it' tried instead on input line 1090.

LaTeX Font Info:    Font shape `OT1/ppl/bx/n' in size <24.09> not available
(Font)              Font shape `OT1/ppl/b/n' tried instead on input line 1090.
LaTeX Font Info:    Font shape `OT1/ppl/bx/it' in size <24.09> not available
(Font)              Font shape `OT1/ppl/b/it' tried instead on input line 1090.

\IEEEquantizedlength=\dimen155
\IEEEquantizedlengthdiff=\dimen156
\IEEEquantizedtextheightdiff=\dimen157
\IEEEilabelindentA=\dimen158
\IEEEilabelindentB=\dimen159
\IEEEilabelindent=\dimen160
\IEEEelabelindent=\dimen161
\IEEEdlabelindent=\dimen162
\IEEElabelindent=\dimen163
\IEEEiednormlabelsep=\dimen164
\IEEEiedmathlabelsep=\dimen165
\IEEEiedtopsep=\skip49
\c@section=\count278
\c@subsection=\count279
\c@subsubsection=\count280
\c@paragraph=\count281
\c@IEEEsubequation=\count282
\abovecaptionskip=\skip50
\belowcaptionskip=\skip51
\c@figure=\count283
\c@table=\count284
\@IEEEeqnnumcols=\count285
\@IEEEeqncolcnt=\count286
\@IEEEsubeqnnumrollback=\count287
\@IEEEquantizeheightA=\dimen166
\@IEEEquantizeheightB=\dimen167
\@IEEEquantizeheightC=\dimen168
\@IEEEquantizeprevdepth=\dimen169
\@IEEEquantizemultiple=\count288
\@IEEEquantizeboxA=\box53
\@IEEEtmpitemindent=\dimen170
\IEEEPARstartletwidth=\dimen171
\c@IEEEbiography=\count289
\@IEEEtranrubishbin=\box54
) (C:\Program Files\MiKTeX\tex/latex/base\inputenc.sty
Package: inputenc 2024/02/08 v1.3d Input encoding file
\inpenc@prehook=\toks18
\inpenc@posthook=\toks19
)
(C:\Program Files\MiKTeX\tex/latex/base\fontenc.sty
Package: fontenc 2025/07/18 v2.1d Standard LaTeX package
LaTeX Font Info:    Trying to load font information for T1+ppl on input line 11
6.

(C:\Users\bryan\AppData\Roaming\MiKTeX\tex/latex/psnfss\t1ppl.fd
File: t1ppl.fd 2001/06/04 font definitions for T1/ppl.
))
(C:\Program Files\MiKTeX\tex/latex/url\url.sty
\Urlmuskip=\muskip17
Package: url 2013/09/16  ver 3.4  Verb mode for urls, etc.
)
(C:\Program Files\MiKTeX\tex/latex/hyperref\hyperref.sty
Package: hyperref 2026-01-29 v7.01p Hypertext links for LaTeX

(C:\Program Files\MiKTeX\tex/generic/iftex\iftex.sty
Package: iftex 2024/12/12 v1.0g TeX engine tests
)
(C:\Program Files\MiKTeX\tex/latex/graphics\keyval.sty
Package: keyval 2022/05/29 v1.15 key=value parser (DPC)
\KV@toks@=\toks20
)
(C:\Users\bryan\AppData\Roaming\MiKTeX\tex/latex/kvsetkeys\kvsetkeys.sty
Package: kvsetkeys 2022-10-05 v1.19 Key value parser (HO)
)
(C:\Users\bryan\AppData\Roaming\MiKTeX\tex/generic/kvdefinekeys\kvdefinekeys.st
y
Package: kvdefinekeys 2019-12-19 v1.6 Define keys (HO)
) (C:\Users\bryan\AppData\Roaming\MiKTeX\tex/generic/pdfescape\pdfescape.sty
Package: pdfescape 2019/12/09 v1.15 Implements pdfTeX's escape features (HO)

(C:\Users\bryan\AppData\Roaming\MiKTeX\tex/generic/ltxcmds\ltxcmds.sty
Package: ltxcmds 2023-12-04 v1.26 LaTeX kernel commands for general use (HO)
)
(C:\Program Files\MiKTeX\tex/generic/pdftexcmds\pdftexcmds.sty
Package: pdftexcmds 2020-06-27 v0.33 Utility functions of pdfTeX for LuaTeX (HO
)

(C:\Users\bryan\AppData\Roaming\MiKTeX\tex/generic/infwarerr\infwarerr.sty
Package: infwarerr 2019/12/03 v1.5 Providing info/warning/error messages (HO)
)
Package pdftexcmds Info: \pdf@primitive is available.
Package pdftexcmds Info: \pdf@ifprimitive is available.
Package pdftexcmds Info: \pdfdraftmode found.
))
(C:\Users\bryan\AppData\Roaming\MiKTeX\tex/latex/hycolor\hycolor.sty
Package: hycolor 2020-01-27 v1.10 Color options for hyperref/bookmark (HO)
)
(C:\Program Files\MiKTeX\tex/latex/hyperref\nameref.sty
Package: nameref 2026-01-29 v2.58 Cross-referencing by name of section

(C:\Users\bryan\AppData\Roaming\MiKTeX\tex/latex/refcount\refcount.sty
Package: refcount 2019/12/15 v3.6 Data extraction from label references (HO)
)
(C:\Users\bryan\AppData\Roaming\MiKTeX\tex/generic/gettitlestring\gettitlestrin
g.sty
Package: gettitlestring 2019/12/15 v1.6 Cleanup title references (HO)
 (C:\Users\bryan\AppData\Roaming\MiKTeX\tex/latex/kvoptions\kvoptions.sty
Package: kvoptions 2022-06-15 v3.15 Key value format for package options (HO)
))
\c@section@level=\count290
) (C:\Program Files\MiKTeX\tex/latex/etoolbox\etoolbox.sty
Package: etoolbox 2025/10/02 v2.5m e-TeX tools for LaTeX (JAW)
\etb@tempcnta=\count291
)
(C:\Users\bryan\AppData\Roaming\MiKTeX\tex/generic/stringenc\stringenc.sty
Package: stringenc 2019/11/29 v1.12 Convert strings between diff. encodings (HO
)
)
\@linkdim=\dimen172
\Hy@linkcounter=\count292
\Hy@pagecounter=\count293

(C:\Program Files\MiKTeX\tex/latex/hyperref\pd1enc.def
File: pd1enc.def 2026-01-29 v7.01p Hyperref: PDFDocEncoding definition (HO)
Now handling font encoding PD1 ...
... no UTF-8 mapping file for font encoding PD1
)
(C:\Users\bryan\AppData\Roaming\MiKTeX\tex/generic/intcalc\intcalc.sty
Package: intcalc 2019/12/15 v1.3 Expandable calculations with integers (HO)
)
\Hy@SavedSpaceFactor=\count294

(C:\Program Files\MiKTeX\tex/latex/hyperref\puenc.def
File: puenc.def 2026-01-29 v7.01p Hyperref: PDF Unicode definition (HO)
Now handling font encoding PU ...
... no UTF-8 mapping file for font encoding PU
)
Package hyperref Info: Hyper figures OFF on input line 4201.
Package hyperref Info: Link nesting OFF on input line 4206.
Package hyperref Info: Hyper index ON on input line 4209.
Package hyperref Info: Plain pages OFF on input line 4216.
Package hyperref Info: Backreferencing OFF on input line 4221.
Package hyperref Info: Implicit mode ON; LaTeX internals redefined.
Package hyperref Info: Bookmarks ON on input line 4468.
\c@Hy@tempcnt=\count295
LaTeX Info: Redefining \url on input line 4807.
\XeTeXLinkMargin=\dimen173

(C:\Users\bryan\AppData\Roaming\MiKTeX\tex/generic/bitset\bitset.sty
Package: bitset 2019/12/09 v1.3 Handle bit-vector datatype (HO)

(C:\Users\bryan\AppData\Roaming\MiKTeX\tex/generic/bigintcalc\bigintcalc.sty
Package: bigintcalc 2019/12/15 v1.5 Expandable calculations on big integers (HO
)
))
\Fld@menulength=\count296
\Field@Width=\dimen174
\Fld@charsize=\dimen175
Package hyperref Info: Hyper figures OFF on input line 6084.
Package hyperref Info: Link nesting OFF on input line 6089.
Package hyperref Info: Hyper index ON on input line 6092.
Package hyperref Info: backreferencing OFF on input line 6099.
Package hyperref Info: Link coloring OFF on input line 6104.
Package hyperref Info: Link coloring with OCG OFF on input line 6109.
Package hyperref Info: PDF/A mode OFF on input line 6114.
\Hy@abspage=\count297
\c@Item=\count298
\c@Hfootnote=\count299
)
Package hyperref Info: Driver (autodetected): hpdftex.
(C:\Program Files\MiKTeX\tex/latex/hyperref\hpdftex.def
File: hpdftex.def 2026-01-29 v7.01p Hyperref driver for pdfTeX
\Fld@listcount=\count300
\c@bookmark@seq@number=\count301

(C:\Users\bryan\AppData\Roaming\MiKTeX\tex/latex/rerunfilecheck\rerunfilecheck.
sty
Package: rerunfilecheck 2025-06-21 v1.11 Rerun checks for auxiliary files (HO)

(C:\Users\bryan\AppData\Roaming\MiKTeX\tex/generic/uniquecounter\uniquecounter.
sty
Package: uniquecounter 2019/12/15 v1.4 Provide unlimited unique counter (HO)
)
Package uniquecounter Info: New unique counter `rerunfilecheck' on input line 2
84.
)
\Hy@SectionHShift=\skip52
) (C:\Users\bryan\AppData\Roaming\MiKTeX\tex/latex/cite\cite.sty
LaTeX Info: Redefining \cite on input line 302.
LaTeX Info: Redefining \nocite on input line 332.
Package: cite 2015/02/27  v 5.5
)
(C:\Program Files\MiKTeX\tex/latex/amsmath\amsmath.sty
Package: amsmath 2025/07/09 v2.17z AMS math features
\@mathmargin=\skip53

For additional information on amsmath, use the `?' option.
(C:\Program Files\MiKTeX\tex/latex/amsmath\amstext.sty
Package: amstext 2024/11/17 v2.01 AMS text

(C:\Program Files\MiKTeX\tex/latex/amsmath\amsgen.sty
File: amsgen.sty 1999/11/30 v2.0 generic functions
\@emptytoks=\toks21
\ex@=\dimen176
))
(C:\Program Files\MiKTeX\tex/latex/amsmath\amsbsy.sty
Package: amsbsy 1999/11/29 v1.2d Bold Symbols
\pmbraise@=\dimen177
)
(C:\Program Files\MiKTeX\tex/latex/amsmath\amsopn.sty
Package: amsopn 2022/04/08 v2.04 operator names
)
\inf@bad=\count302
LaTeX Info: Redefining \frac on input line 233.
\uproot@=\count303
\leftroot@=\count304
LaTeX Info: Redefining \overline on input line 398.
LaTeX Info: Redefining \colon on input line 409.
\classnum@=\count305
\DOTSCASE@=\count306
LaTeX Info: Redefining \ldots on input line 495.
LaTeX Info: Redefining \dots on input line 498.
LaTeX Info: Redefining \cdots on input line 619.
\Mathstrutbox@=\box55
\strutbox@=\box56
LaTeX Info: Redefining \big on input line 721.
LaTeX Info: Redefining \Big on input line 722.
LaTeX Info: Redefining \bigg on input line 723.
LaTeX Info: Redefining \Bigg on input line 724.
\big@size=\dimen178
LaTeX Font Info:    Redeclaring font encoding OML on input line 742.
LaTeX Font Info:    Redeclaring font encoding OMS on input line 743.
\macc@depth=\count307
LaTeX Info: Redefining \bmod on input line 904.
LaTeX Info: Redefining \pmod on input line 909.
LaTeX Info: Redefining \smash on input line 939.
LaTeX Info: Redefining \relbar on input line 969.
LaTeX Info: Redefining \Relbar on input line 970.
\c@MaxMatrixCols=\count308
\dotsspace@=\muskip18
\c@parentequation=\count309
\dspbrk@lvl=\count310
\tag@help=\toks22
\row@=\count311
\column@=\count312
\maxfields@=\count313
\andhelp@=\toks23
\eqnshift@=\dimen179
\alignsep@=\dimen180
\tagshift@=\dimen181
\tagwidth@=\dimen182
\totwidth@=\dimen183
\lineht@=\dimen184
\@envbody=\toks24
\multlinegap=\skip54
\multlinetaggap=\skip55
\mathdisplay@stack=\toks25
LaTeX Info: Redefining \[ on input line 2950.
LaTeX Info: Redefining \] on input line 2951.
)
(C:\Program Files\MiKTeX\tex/latex/amsfonts\amssymb.sty
Package: amssymb 2013/01/14 v3.01 AMS font symbols

(C:\Program Files\MiKTeX\tex/latex/amsfonts\amsfonts.sty
Package: amsfonts 2013/01/14 v3.01 Basic AMSFonts support
\symAMSa=\mathgroup4
\symAMSb=\mathgroup5
LaTeX Font Info:    Redeclaring math symbol \hbar on input line 98.
LaTeX Font Info:    Overwriting math alphabet `\mathfrak' in version `bold'
(Font)                  U/euf/m/n --> U/euf/b/n on input line 106.
))
(C:\Users\bryan\AppData\Roaming\MiKTeX\tex/latex/algorithms\algorithmic.sty
Package: algorithmic 2009/08/24 v0.1 Document Style `algorithmic'

(C:\Program Files\MiKTeX\tex/latex/base\ifthen.sty
Package: ifthen 2024/03/16 v1.1e Standard LaTeX ifthen package (DPC)
)
\c@ALC@unique=\count314
\c@ALC@line=\count315
\c@ALC@rem=\count316
\c@ALC@depth=\count317
\ALC@tlm=\skip56
\algorithmicindent=\skip57
)
(C:\Program Files\MiKTeX\tex/latex/graphics\graphicx.sty
Package: graphicx 2024/12/31 v1.2e Enhanced LaTeX Graphics (DPC,SPQR)

(C:\Program Files\MiKTeX\tex/latex/graphics\graphics.sty
Package: graphics 2024/08/06 v1.4g Standard LaTeX Graphics (DPC,SPQR)

(C:\Program Files\MiKTeX\tex/latex/graphics\trig.sty
Package: trig 2023/12/02 v1.11 sin cos tan (DPC)
)
(C:\Program Files\MiKTeX\tex/latex/graphics-cfg\graphics.cfg
File: graphics.cfg 2016/06/04 v1.11 sample graphics configuration
)
Package graphics Info: Driver file: pdftex.def on input line 106.

(C:\Program Files\MiKTeX\tex/latex/graphics-def\pdftex.def
File: pdftex.def 2025/09/29 v1.2d Graphics/color driver for pdftex
))
\Gin@req@height=\dimen185
\Gin@req@width=\dimen186
)
(C:\Program Files\MiKTeX\tex/latex/base\textcomp.sty
Package: textcomp 2024/04/24 v2.1b Standard LaTeX package
)
(C:\Program Files\MiKTeX\tex/latex/xcolor\xcolor.sty
Package: xcolor 2024/09/29 v3.02 LaTeX color extensions (UK)

(C:\Program Files\MiKTeX\tex/latex/graphics-cfg\color.cfg
File: color.cfg 2016/01/02 v1.6 sample color configuration
)
Package xcolor Info: Driver file: pdftex.def on input line 274.

(C:\Program Files\MiKTeX\tex/latex/graphics\mathcolor.ltx)
Package xcolor Info: Model `cmy' substituted by `cmy0' on input line 1349.
Package xcolor Info: Model `hsb' substituted by `rgb' on input line 1353.
Package xcolor Info: Model `RGB' extended on input line 1365.
Package xcolor Info: Model `HTML' substituted by `rgb' on input line 1367.
Package xcolor Info: Model `Hsb' substituted by `hsb' on input line 1368.
Package xcolor Info: Model `tHsb' substituted by `hsb' on input line 1369.
Package xcolor Info: Model `HSB' substituted by `hsb' on input line 1370.
Package xcolor Info: Model `Gray' substituted by `gray' on input line 1371.
Package xcolor Info: Model `wave' substituted by `hsb' on input line 1372.
)
(C:\Program Files\MiKTeX\tex/latex/tools\tabularx.sty
Package: tabularx 2023/12/11 v2.12a `tabularx' package (DPC)

(C:\Program Files\MiKTeX\tex/latex/tools\array.sty
Package: array 2025/09/25 v2.6n Tabular extension package (FMi)
\col@sep=\dimen187
\ar@mcellbox=\box57
\extrarowheight=\dimen188
\NC@list=\toks26
\extratabsurround=\skip58
\backup@length=\skip59
\ar@cellbox=\box58
)
\TX@col@width=\dimen189
\TX@old@table=\dimen190
\TX@old@col=\dimen191
\TX@target=\dimen192
\TX@delta=\dimen193
\TX@cols=\count318
\TX@ftn=\toks27
)
(C:\Program Files\MiKTeX\tex/latex/listings\listings.sty
\lst@mode=\count319
\lst@gtempboxa=\box59
\lst@token=\toks28
\lst@length=\count320
\lst@currlwidth=\dimen194
\lst@column=\count321
\lst@pos=\count322
\lst@lostspace=\dimen195
\lst@width=\dimen196
\lst@newlines=\count323
\lst@lineno=\count324
\lst@maxwidth=\dimen197

(C:\Program Files\MiKTeX\tex/latex/listings\lstpatch.sty
File: lstpatch.sty 2025/11/14 1.11b (Carsten Heinz)
)
(C:\Program Files\MiKTeX\tex/latex/listings\lstmisc.sty
File: lstmisc.sty 2025/11/14 1.11b (Carsten Heinz)
\c@lstnumber=\count325
\lst@skipnumbers=\count326
\lst@framebox=\box60
)
(C:\Program Files\MiKTeX\tex/latex/listings\listings.cfg
File: listings.cfg 2025/11/14 1.11b listings configuration
))
Package: listings 2025/11/14 1.11b (Carsten Heinz)

==> First Aid for listings.sty no longer applied!
    Expected:
        2024/09/23 1.10c (Carsten Heinz)
    but found:
        2025/11/14 1.11b (Carsten Heinz)
    so I'm assuming it got fixed.
(C:\Program Files\MiKTeX\tex/latex/l3backend\l3backend-pdftex.def
File: l3backend-pdftex.def 2025-10-09 L3 backend support: PDF output (pdfTeX)
\l__color_backend_stack_int=\count327
)
(PAPER_016_PRODUCTION_HARDENING.aux)
\openout1 = `PAPER_016_PRODUCTION_HARDENING.aux'.

LaTeX Font Info:    Checking defaults for OML/cmm/m/it on input line 23.
LaTeX Font Info:    ... okay on input line 23.
LaTeX Font Info:    Checking defaults for OMS/cmsy/m/n on input line 23.
LaTeX Font Info:    ... okay on input line 23.
LaTeX Font Info:    Checking defaults for OT1/cmr/m/n on input line 23.
LaTeX Font Info:    ... okay on input line 23.
LaTeX Font Info:    Checking defaults for T1/cmr/m/n on input line 23.
LaTeX Font Info:    ... okay on input line 23.
LaTeX Font Info:    Checking defaults for TS1/cmr/m/n on input line 23.
LaTeX Font Info:    ... okay on input line 23.
LaTeX Font Info:    Checking defaults for OMX/cmex/m/n on input line 23.
LaTeX Font Info:    ... okay on input line 23.
LaTeX Font Info:    Checking defaults for U/cmr/m/n on input line 23.
LaTeX Font Info:    ... okay on input line 23.
LaTeX Font Info:    Checking defaults for PD1/pdf/m/n on input line 23.
LaTeX Font Info:    ... okay on input line 23.
LaTeX Font Info:    Checking defaults for PU/pdf/m/n on input line 23.
LaTeX Font Info:    ... okay on input line 23.

-- Lines per column: 61 (exact).
Package hyperref Info: Link coloring OFF on input line 23.
(PAPER_016_PRODUCTION_HARDENING.out) (PAPER_016_PRODUCTION_HARDENING.out)
\@outlinefile=\write3
\openout3 = `PAPER_016_PRODUCTION_HARDENING.out'.


(C:\Program Files\MiKTeX\tex/context/base/mkii\supp-pdf.mkii
[Loading MPS to PDF converter (version 2006.09.02).]
\scratchcounter=\count328
\scratchdimen=\dimen198
\scratchbox=\box61
\nofMPsegments=\count329
\nofMParguments=\count330
\everyMPshowfont=\toks29
\MPscratchCnt=\count331
\MPscratchDim=\dimen199
\MPnumerator=\count332
\makeMPintoPDFobject=\count333
\everyMPtoPDFconversion=\toks30
) (C:\Program Files\MiKTeX\tex/latex/epstopdf-pkg\epstopdf-base.sty
Package: epstopdf-base 2020-01-24 v2.11 Base part for package epstopdf
Package epstopdf-base Info: Redefining graphics rule for `.eps' on input line 4
85.

(C:\Program Files\MiKTeX\tex/latex/00miktex\epstopdf-sys.cfg
File: epstopdf-sys.cfg 2021/03/18 v2.0 Configuration of epstopdf for MiKTeX
))
\c@lstlisting=\count334
LaTeX Font Info:    Trying to load font information for T1+phv on input line 30
.

(C:\Users\bryan\AppData\Roaming\MiKTeX\tex/latex/psnfss\t1phv.fd
File: t1phv.fd 2020/03/25 scalable font definitions for T1/phv.
)
LaTeX Font Info:    Calculating math sizes for size <11.04124> on input line 30
.
LaTeX Font Info:    Trying to load font information for U+msa on input line 30.


(C:\Program Files\MiKTeX\tex/latex/amsfonts\umsa.fd
File: umsa.fd 2013/01/14 v3.01 AMS symbols A
)
LaTeX Font Info:    Trying to load font information for U+msb on input line 30.


(C:\Program Files\MiKTeX\tex/latex/amsfonts\umsb.fd
File: umsb.fd 2013/01/14 v3.01 AMS symbols B
)
LaTeX Font Info:    Trying to load font information for U+pzd on input line 30.


(C:\Users\bryan\AppData\Roaming\MiKTeX\tex/latex/psnfss\upzd.fd
File: upzd.fd 2001/06/04 font definitions for U/pzd.
)
LaTeX Font Info:    Calculating math sizes for size <9.53561> on input line 41.

LaTeX Font Info:    Font shape `T1/phv/m/it' in size <9.53561> not available
(Font)              Font shape `T1/phv/m/sl' tried instead on input line 47.


Package hyperref Warning: Difference (2) between bookmark levels is greater 
(hyperref)                than one, level fixed on input line 47.

LaTeX Font Info:    Trying to load font information for T1+pcr on input line 61
.
(C:\Users\bryan\AppData\Roaming\MiKTeX\tex/latex/psnfss\t1pcr.fd
File: t1pcr.fd 2001/06/04 font definitions for T1/pcr.
)
Underfull \hbox (badness 10000) in paragraph at lines 61--62
 \T1/ppl/m/n/9.53561 1.0.3.1 2.1 Hole 1: Zom-bie Bridge (Re-bal-
 []


Underfull \hbox (badness 7486) in paragraph at lines 61--62
\T1/ppl/m/n/9.53561 ancer $\OMS/cmsy/m/n/10 ^^B$ \T1/ppl/m/n/9.53561 Bridge Twi
n En-gine): [][] \T1/ppl/b/n/9.53561 Root cause\T1/ppl/m/n/9.53561 : The
 []


Underfull \hbox (badness 10000) in paragraph at lines 61--62
\T1/pcr/m/n/9.53561 GlobalRebalancer._rebalance_worker() \T1/ppl/m/n/9.53561 re
-places
 []


Underfull \hbox (badness 10000) in paragraph at lines 61--62
\T1/pcr/m/n/9.53561 adapter.community_map \T1/ppl/m/n/9.53561 with a fresh par-
ti-tion.
 []


Underfull \hbox (badness 1655) in paragraph at lines 61--62
\T1/ppl/m/n/9.53561 IDs. These "zom-bie bridges" con-tinue to be used in
 []


Overfull \hbox (53.61497pt too wide) in paragraph at lines 65--67
[]\T1/ppl/b/n/9.53561 Fix\T1/ppl/m/n/9.53561 : \T1/pcr/m/n/9.53561 BridgeTwinEn
gine.on_rebalance(new_community_map:
 []


Underfull \hbox (badness 10000) in paragraph at lines 68--69
[]\T1/ppl/m/n/9.53561 For each record, checks whether
 []


Overfull \hbox (11.47409pt too wide) in paragraph at lines 68--69
\T1/pcr/m/n/9.53561 new_community_map.get(record.original_id)
 []


Underfull \hbox (badness 10000) in paragraph at lines 73--74
\T1/pcr/m/n/9.53561 GlobalRebalancer \T1/ppl/m/n/9.53561 is ex-tended with an
 []


Underfull \hbox (badness 10000) in paragraph at lines 73--74
\T1/ppl/m/n/9.53561 op-tional \T1/pcr/m/n/9.53561 bridge_engine= \T1/ppl/m/n/9.
53561 pa-ram-e-ter; af-ter
 []


Underfull \hbox (badness 10000) in paragraph at lines 73--74
\T1/ppl/m/n/9.53561 the atomic community-map swap, it calls
 []


Underfull \hbox (badness 2781) in paragraph at lines 79--80
\T1/ppl/m/n/9.53561 a \T1/pcr/m/n/9.53561 CAUSES \T1/ppl/m/n/9.53561 edge when 
\T1/pcr/m/n/9.53561 _weights[(pre, post)] >=
 []


Underfull \hbox (badness 3219) in paragraph at lines 79--80
\T1/pcr/m/n/9.53561 n_min\T1/ppl/m/n/9.53561 . These thresh-olds pre-vent singl
e-spike mater-
 []

LaTeX Font Info:    Trying to load font information for TS1+phv on input line 8
0.
(C:\Users\bryan\AppData\Roaming\MiKTeX\tex/latex/psnfss\ts1phv.fd
File: ts1phv.fd 2020/03/25 scalable font definitions for TS1/phv.
) [1{C:/Users/bryan/AppData/Local/MiKTeX/fonts/map/pdftex/pdftex.map}{C:/Progra
m Files/MiKTeX/fonts/enc/dvips/base/8r.enc}


]
Underfull \hbox (badness 10000) in paragraph at lines 85--86
[]\T1/pcr/m/n/9.53561 min_causal_span: float = 0.0 \T1/ppl/m/n/9.53561 (sec-ond
s) ^^V
 []


Underfull \hbox (badness 5133) in paragraph at lines 93--94
 \T1/ppl/m/n/9.53561 1.0.3.3 2.3 Hole 3: Names-pace Col-li-sion (In-
 []


Underfull \hbox (badness 3942) in paragraph at lines 93--94
\T1/ppl/m/n/9.53561 ges-tion-Pipeline $\OMS/cmsy/m/n/10 ^^B$ \T1/ppl/m/n/9.5356
1 Sig-na-lEn-coder): [][] \T1/ppl/b/n/9.53561 Root cause\T1/ppl/m/n/9.53561 : B
oth
 []


Underfull \hbox (badness 10000) in paragraph at lines 99--100
[]\T1/pcr/m/n/9.53561 IngestionPipeline(namespace: str = "")
 []


Underfull \hbox (badness 2961) in paragraph at lines 99--100
\T1/ppl/m/n/9.53561 norma-lization/dedup. De-fault \T1/pcr/m/n/9.53561 "" \T1/p
pl/m/n/9.53561 is backward-
 []


Underfull \hbox (badness 10000) in paragraph at lines 100--101
[]\T1/pcr/m/n/9.53561 SignalEncoder(namespace: str =
 []


Underfull \hbox (badness 10000) in paragraph at lines 100--101
\T1/pcr/m/n/9.53561 "signal") \T1/ppl/m/n/9.53561 ^^V ap-plies names-pace pre-f
ix
 []


Underfull \hbox (badness 10000) in paragraph at lines 100--101
\T1/ppl/m/n/9.53561 to all an-chor en-tity IDs be-fore call-ing
 []


Underfull \hbox (badness 3354) in paragraph at lines 100--101
\T1/ppl/m/n/9.53561 sep-a-rates all sig-nal en-ti-ties from text en-ti-ties
 []


Underfull \hbox (badness 4673) in paragraph at lines 103--104
\T1/ppl/b/n/9.53561 Validation\T1/ppl/m/n/9.53561 : Run 032 ^^V 100% col-li-sio
n elim-i-na-tion;
 []


LaTeX Warning: Citation `thompson1933bayesian' on page 2 undefined on input lin
e 107.


LaTeX Warning: Citation `russo2018thompson' on page 2 undefined on input line 1
07.


Underfull \hbox (badness 2460) in paragraph at lines 107--108
\T1/ppl/m/n/9.53561 son Sam-pling $\OMS/cmsy/m/n/10 ^^B$ \T1/ppl/m/n/9.53561 Sp
arse Graphs): [][] \T1/ppl/b/n/9.53561 Root cause\T1/ppl/m/n/9.53561 : New
 []


Underfull \hbox (badness 10000) in paragraph at lines 111--112
[]\T1/ppl/b/n/9.53561 Fix\T1/ppl/m/n/9.53561 : \T1/pcr/m/n/9.53561 BeamTraversa
l(warm_start_strength:
 []


Underfull \hbox (badness 3189) in paragraph at lines 111--112
\T1/pcr/m/n/9.53561 float = 0.0) \T1/ppl/m/n/9.53561 ^^V when \T1/pcr/m/n/9.535
61 warm_start_strength >0
 []


Underfull \hbox (badness 10000) in paragraph at lines 117--118
[]\T1/ppl/m/n/9.53561 where $\OML/cmm/m/it/10 w$ \T1/ppl/m/n/9.53561 is the CSA
 weight and $\OML/cmm/m/it/10 s$ \T1/ppl/m/n/9.53561 is
 []


Underfull \hbox (badness 10000) in paragraph at lines 117--118
\T1/pcr/m/n/9.53561 warm_start_strength\T1/ppl/m/n/9.53561 . This pro-duces a m
ore
 []


Underfull \hbox (badness 6477) in paragraph at lines 117--118
\T1/ppl/m/n/9.53561 in-for-ma-tive prior with-out bi-as-ing sub-se-quent hops
 []


Underfull \hbox (badness 1472) in paragraph at lines 119--120
[]\T1/ppl/b/n/9.53561 Validation\T1/ppl/m/n/9.53561 : Run 032 ^^V first-hop var
i-ance re-duced
 []


Underfull \hbox (badness 6792) in paragraph at lines 119--120
\T1/ppl/m/n/9.53561 by 85%; MetaQA-3hop H@10 +8.2% rel-a-tive with
 []


Underfull \hbox (badness 10000) in paragraph at lines 125--126
 \T1/ppl/m/n/9.53561 1.0.4.1 3.1 Hole 5: Mid-Flight Com-mu-nity
 []


Underfull \hbox (badness 10000) in paragraph at lines 125--126
\T1/ppl/m/n/9.53561 Swap (Glob-al-Re-bal-ancer $\OMS/cmsy/m/n/10 ^^B$ \T1/ppl/m
/n/9.53561 Beam-Traver-sal): [][]
 []


Underfull \hbox (badness 10000) in paragraph at lines 125--126
\T1/ppl/b/n/9.53561 Root cause\T1/ppl/m/n/9.53561 : \T1/pcr/m/n/9.53561 BeamTra
versal.traverse() \T1/ppl/m/n/9.53561 calls
 []


Underfull \hbox (badness 10000) in paragraph at lines 125--126
\T1/pcr/m/n/9.53561 adapter.community_map \T1/ppl/m/n/9.53561 at each hop. If t
he
 []


Underfull \hbox (badness 10000) in paragraph at lines 129--130
[]\T1/ppl/b/n/9.53561 Fix\T1/ppl/m/n/9.53561 : \T1/pcr/m/n/9.53561 CSAEngine.se
t\allowbreak
 []


Underfull \hbox (badness 10000) in paragraph at lines 129--130
\T1/pcr/m/n/9.53561 query\allowbreak snapshot(community_map:
 []


Underfull \hbox (badness 10000) in paragraph at lines 139--140
[]\T1/ppl/b/n/9.53561 Fix\T1/ppl/m/n/9.53561 : \T1/pcr/m/n/9.53561 CSAEngine(co
mmunity_params: Dict[int,
 []

[2]

LaTeX Warning: Citation `schonemann1966procrustes' on page 3 undefined on input
 line 149.


LaTeX Warning: Citation `gower2004procrustes' on page 3 undefined on input line
 149.


Underfull \hbox (badness 10000) in paragraph at lines 149--150
 \T1/ppl/m/n/9.53561 1.0.4.3 3.3 Hole 7: Canon-i-cal Ba-sis Drift
 []


Underfull \hbox (badness 10000) in paragraph at lines 149--150
\T1/ppl/m/n/9.53561 (Sig-na-lEn-coder $\OMS/cmsy/m/n/10 ^^B$ \T1/ppl/m/n/9.5356
1 Fed-er-ated Hops): [][] \T1/ppl/b/n/9.53561 Root cause\T1/ppl/m/n/9.53561 :
 []


Underfull \hbox (badness 10000) in paragraph at lines 149--150
\T1/pcr/m/n/9.53561 SignalEncoder.learn_alignment() \T1/ppl/m/n/9.53561 com-put
es a
 []


Underfull \hbox (badness 5681) in paragraph at lines 149--150
\T1/ppl/m/n/9.53561 sen-sor em-bed-dings to the em-bed-ding space of a
 []


Underfull \hbox (badness 3646) in paragraph at lines 149--150
\T1/ppl/m/n/9.53561 spe-cific \T1/pcr/m/n/9.53561 GraphAdapter\T1/ppl/m/n/9.535
61 . In a fed-er-ated de-ploy-ment,
 []


Underfull \hbox (badness 10000) in paragraph at lines 149--150
\T1/ppl/m/n/9.53561 ge-om-e-try. When \T1/pcr/m/n/9.53561 SignalEncoder \T1/ppl
/m/n/9.53561 learns align-ment
 []


Underfull \hbox (badness 2922) in paragraph at lines 149--150
\T1/ppl/m/n/9.53561 misal-ignment that ac-cu-mu-lates multi-plicatively across
 []


Underfull \hbox (badness 10000) in paragraph at lines 153--154
[]\T1/ppl/b/n/9.53561 Fix\T1/ppl/m/n/9.53561 : \T1/pcr/m/n/9.53561 SignalEncode
r(canonical_embeddings:
 []


Underfull \hbox (badness 10000) in paragraph at lines 159--160
 \T1/ppl/m/n/9.53561 1.0.4.4 3.4 Hole 8: Path-Preserving Hold-out
 []


Underfull \hbox (badness 6461) in paragraph at lines 159--160
\T1/ppl/m/n/9.53561 (In-fer-ence-Val-ida-tor $\OMS/cmsy/m/n/10 ^^B$ \T1/ppl/m/n
/9.53561 Sparse Graphs): [][] \T1/ppl/b/n/9.53561 Root cause\T1/ppl/m/n/9.53561
 :
 []


Underfull \hbox (badness 10000) in paragraph at lines 163--164
[]\T1/ppl/b/n/9.53561 Fix\T1/ppl/m/n/9.53561 : \T1/pcr/m/n/9.53561 InferenceVal
idator(path_preserving:
 []


Underfull \hbox (badness 1635) in paragraph at lines 163--164
\T1/pcr/m/n/9.53561 bool = True) \T1/ppl/m/n/9.53561 (de-fault: True) ^^V be-fo
re hold-ing out
 []

(PAPER_016_PRODUCTION_HARDENING.bbl

! LaTeX Error: Something's wrong--perhaps a missing \item.

See the LaTeX manual or LaTeX Companion for explanation.
Type  H <return>  for immediate help.
 ...                                              
                                                  
l.24 \end{thebibliography}
                          
Try typing  <return>  to proceed.
If that doesn't work, type  X <return>  to quit.

) [3] (PAPER_016_PRODUCTION_HARDENING.aux)
 ***********
LaTeX2e <2025-11-01>
L3 programming layer <2026-01-19>
 ***********


LaTeX Warning: There were undefined references.

Package rerunfilecheck Info: File `PAPER_016_PRODUCTION_HARDENING.out' has not 
changed.
(rerunfilecheck)             Checksum: 47713B6A27537032C7BC5108EB5F10A3;1934.
 ) 
Here is how much of TeX's memory you used:
 13499 strings out of 467867
 204699 string characters out of 5428401
 640352 words of memory out of 5000000
 42167 multiletter control sequences out of 15000+600000
 720823 words of font info for 185 fonts, out of 8000000 for 9000
 1141 hyphenation exceptions out of 8191
 75i,9n,79p,1064b,1064s stack positions out of 10000i,1000n,20000p,200000b,200000s
<C:/Program Files/MiKTeX/fonts/type1/public/amsfonts/cm/cmmi10.pfb><C:/Progra
m Files/MiKTeX/fonts/type1/public/amsfonts/cm/cmmi7.pfb><C:/Program Files/MiKTe
X/fonts/type1/public/amsfonts/cm/cmr10.pfb><C:/Program Files/MiKTeX/fonts/type1
/public/amsfonts/cm/cmr7.pfb><C:/Program Files/MiKTeX/fonts/type1/public/amsfon
ts/cm/cmsy10.pfb><C:/Program Files/MiKTeX/fonts/type1/public/amsfonts/cm/cmsy7.
pfb><C:/Program Files/MiKTeX/fonts/type1/urw/courier/ucrr8a.pfb><C:/Program Fil
es/MiKTeX/fonts/type1/urw/helvetic/uhvb8a.pfb><C:/Program Files/MiKTeX/fonts/ty
pe1/urw/helvetic/uhvr8a.pfb><C:/Program Files/MiKTeX/fonts/type1/urw/helvetic/u
hvro8a.pfb><C:/Program Files/MiKTeX/fonts/type1/urw/palatino/uplb8a.pfb><C:/Pro
gram Files/MiKTeX/fonts/type1/urw/palatino/uplr8a.pfb><C:/Program Files/MiKTeX/
fonts/type1/urw/palatino/uplri8a.pfb><C:/Program Files/MiKTeX/fonts/type1/urw/z
apfding/uzdr.pfb>
Output written on PAPER_016_PRODUCTION_HARDENING.pdf (3 pages, 183050 bytes).
PDF statistics:
 144 PDF objects out of 1000 (max. 8388607)
 28 named destinations out of 1000 (max. 500000)
 65 words of extra memory for PDF output out of 10000 (max. 10000000)

