This is pdfTeX, Version 3.141592653-2.6-1.40.29 (MiKTeX 26.2) (preloaded format=pdflatex 2026.3.26)  27 MAR 2026 05:37
entering extended mode
 restricted \write18 enabled.
 %&-line parsing enabled.
**./cerebrum_master.tex
(cerebrum_master.tex
LaTeX2e <2025-11-01>
L3 programming layer <2026-01-19>
(C:\Users\bryan\AppData\Roaming\MiKTeX\tex/latex/ieeetran\IEEEtran.cls
Document Class: IEEEtran 2015/08/26 V1.8b by Michael Shell
-- See the "IEEEtran_HOWTO" manual for usage information.
-- http://www.michaelshell.org/tex/ieeetran/
\@IEEEtrantmpdimenA=\dimen148
\@IEEEtrantmpdimenB=\dimen149
\@IEEEtrantmpdimenC=\dimen150
\@IEEEtrantmpcountA=\count275
\@IEEEtrantmpcountB=\count276
\@IEEEtrantmpcountC=\count277
\@IEEEtrantmptoksA=\toks17
LaTeX Font Info:    Trying to load font information for OT1+ptm on input line 5
03.
(C:\Users\bryan\AppData\Roaming\MiKTeX\tex/latex/psnfss\ot1ptm.fd
File: ot1ptm.fd 2001/06/04 font definitions for OT1/ptm.
)
-- Using 8.5in x 11in (letter) paper.
-- Using PDF output.
\@IEEEnormalsizeunitybaselineskip=\dimen151
-- This is a 10 point document.
LaTeX Encoding Info:    Redeclaring text command \textunderscore (encoding ?) o
n input line 937.
\CLASSINFOnormalsizebaselineskip=\dimen152
\CLASSINFOnormalsizeunitybaselineskip=\dimen153
\IEEEnormaljot=\dimen154
LaTeX Font Info:    Font shape `OT1/ptm/bx/n' in size <5> not available
(Font)              Font shape `OT1/ptm/b/n' tried instead on input line 1090.
LaTeX Font Info:    Font shape `OT1/ptm/bx/it' in size <5> not available
(Font)              Font shape `OT1/ptm/b/it' tried instead on input line 1090.

LaTeX Font Info:    Font shape `OT1/ptm/bx/n' in size <7> not available
(Font)              Font shape `OT1/ptm/b/n' tried instead on input line 1090.
LaTeX Font Info:    Font shape `OT1/ptm/bx/it' in size <7> not available
(Font)              Font shape `OT1/ptm/b/it' tried instead on input line 1090.

LaTeX Font Info:    Font shape `OT1/ptm/bx/n' in size <8> not available
(Font)              Font shape `OT1/ptm/b/n' tried instead on input line 1090.
LaTeX Font Info:    Font shape `OT1/ptm/bx/it' in size <8> not available
(Font)              Font shape `OT1/ptm/b/it' tried instead on input line 1090.

LaTeX Font Info:    Font shape `OT1/ptm/bx/n' in size <9> not available
(Font)              Font shape `OT1/ptm/b/n' tried instead on input line 1090.
LaTeX Font Info:    Font shape `OT1/ptm/bx/it' in size <9> not available
(Font)              Font shape `OT1/ptm/b/it' tried instead on input line 1090.

LaTeX Font Info:    Font shape `OT1/ptm/bx/n' in size <10> not available
(Font)              Font shape `OT1/ptm/b/n' tried instead on input line 1090.
LaTeX Font Info:    Font shape `OT1/ptm/bx/it' in size <10> not available
(Font)              Font shape `OT1/ptm/b/it' tried instead on input line 1090.

LaTeX Font Info:    Font shape `OT1/ptm/bx/n' in size <11> not available
(Font)              Font shape `OT1/ptm/b/n' tried instead on input line 1090.
LaTeX Font Info:    Font shape `OT1/ptm/bx/it' in size <11> not available
(Font)              Font shape `OT1/ptm/b/it' tried instead on input line 1090.

LaTeX Font Info:    Font shape `OT1/ptm/bx/n' in size <12> not available
(Font)              Font shape `OT1/ptm/b/n' tried instead on input line 1090.
LaTeX Font Info:    Font shape `OT1/ptm/bx/it' in size <12> not available
(Font)              Font shape `OT1/ptm/b/it' tried instead on input line 1090.

LaTeX Font Info:    Font shape `OT1/ptm/bx/n' in size <17> not available
(Font)              Font shape `OT1/ptm/b/n' tried instead on input line 1090.
LaTeX Font Info:    Font shape `OT1/ptm/bx/it' in size <17> not available
(Font)              Font shape `OT1/ptm/b/it' tried instead on input line 1090.

LaTeX Font Info:    Font shape `OT1/ptm/bx/n' in size <20> not available
(Font)              Font shape `OT1/ptm/b/n' tried instead on input line 1090.
LaTeX Font Info:    Font shape `OT1/ptm/bx/it' in size <20> not available
(Font)              Font shape `OT1/ptm/b/it' tried instead on input line 1090.

LaTeX Font Info:    Font shape `OT1/ptm/bx/n' in size <24> not available
(Font)              Font shape `OT1/ptm/b/n' tried instead on input line 1090.
LaTeX Font Info:    Font shape `OT1/ptm/bx/it' in size <24> not available
(Font)              Font shape `OT1/ptm/b/it' tried instead on input line 1090.

\IEEEquantizedlength=\dimen155
\IEEEquantizedlengthdiff=\dimen156
\IEEEquantizedtextheightdiff=\dimen157
\IEEEilabelindentA=\dimen158
\IEEEilabelindentB=\dimen159
\IEEEilabelindent=\dimen160
\IEEEelabelindent=\dimen161
\IEEEdlabelindent=\dimen162
\IEEElabelindent=\dimen163
\IEEEiednormlabelsep=\dimen164
\IEEEiedmathlabelsep=\dimen165
\IEEEiedtopsep=\skip49
\c@section=\count278
\c@subsection=\count279
\c@subsubsection=\count280
\c@paragraph=\count281
\c@IEEEsubequation=\count282
\abovecaptionskip=\skip50
\belowcaptionskip=\skip51
\c@figure=\count283
\c@table=\count284
\@IEEEeqnnumcols=\count285
\@IEEEeqncolcnt=\count286
\@IEEEsubeqnnumrollback=\count287
\@IEEEquantizeheightA=\dimen166
\@IEEEquantizeheightB=\dimen167
\@IEEEquantizeheightC=\dimen168
\@IEEEquantizeprevdepth=\dimen169
\@IEEEquantizemultiple=\count288
\@IEEEquantizeboxA=\box53
\@IEEEtmpitemindent=\dimen170
\IEEEPARstartletwidth=\dimen171
\c@IEEEbiography=\count289
\@IEEEtranrubishbin=\box54
) (C:\Program Files\MiKTeX\tex/latex/base\inputenc.sty
Package: inputenc 2024/02/08 v1.3d Input encoding file
\inpenc@prehook=\toks18
\inpenc@posthook=\toks19
)
(C:\Program Files\MiKTeX\tex/latex/amsmath\amsmath.sty
Package: amsmath 2025/07/09 v2.17z AMS math features
\@mathmargin=\skip52

For additional information on amsmath, use the `?' option.
(C:\Program Files\MiKTeX\tex/latex/amsmath\amstext.sty
Package: amstext 2024/11/17 v2.01 AMS text

(C:\Program Files\MiKTeX\tex/latex/amsmath\amsgen.sty
File: amsgen.sty 1999/11/30 v2.0 generic functions
\@emptytoks=\toks20
\ex@=\dimen172
))
(C:\Program Files\MiKTeX\tex/latex/amsmath\amsbsy.sty
Package: amsbsy 1999/11/29 v1.2d Bold Symbols
\pmbraise@=\dimen173
)
(C:\Program Files\MiKTeX\tex/latex/amsmath\amsopn.sty
Package: amsopn 2022/04/08 v2.04 operator names
)
\inf@bad=\count290
LaTeX Info: Redefining \frac on input line 233.
\uproot@=\count291
\leftroot@=\count292
LaTeX Info: Redefining \overline on input line 398.
LaTeX Info: Redefining \colon on input line 409.
\classnum@=\count293
\DOTSCASE@=\count294
LaTeX Info: Redefining \ldots on input line 495.
LaTeX Info: Redefining \dots on input line 498.
LaTeX Info: Redefining \cdots on input line 619.
\Mathstrutbox@=\box55
\strutbox@=\box56
LaTeX Info: Redefining \big on input line 721.
LaTeX Info: Redefining \Big on input line 722.
LaTeX Info: Redefining \bigg on input line 723.
LaTeX Info: Redefining \Bigg on input line 724.
\big@size=\dimen174
LaTeX Font Info:    Redeclaring font encoding OML on input line 742.
LaTeX Font Info:    Redeclaring font encoding OMS on input line 743.
\macc@depth=\count295
LaTeX Info: Redefining \bmod on input line 904.
LaTeX Info: Redefining \pmod on input line 909.
LaTeX Info: Redefining \smash on input line 939.
LaTeX Info: Redefining \relbar on input line 969.
LaTeX Info: Redefining \Relbar on input line 970.
\c@MaxMatrixCols=\count296
\dotsspace@=\muskip17
\c@parentequation=\count297
\dspbrk@lvl=\count298
\tag@help=\toks21
\row@=\count299
\column@=\count300
\maxfields@=\count301
\andhelp@=\toks22
\eqnshift@=\dimen175
\alignsep@=\dimen176
\tagshift@=\dimen177
\tagwidth@=\dimen178
\totwidth@=\dimen179
\lineht@=\dimen180
\@envbody=\toks23
\multlinegap=\skip53
\multlinetaggap=\skip54
\mathdisplay@stack=\toks24
LaTeX Info: Redefining \[ on input line 2950.
LaTeX Info: Redefining \] on input line 2951.
)
(C:\Program Files\MiKTeX\tex/latex/amsfonts\amssymb.sty
Package: amssymb 2013/01/14 v3.01 AMS font symbols

(C:\Program Files\MiKTeX\tex/latex/amsfonts\amsfonts.sty
Package: amsfonts 2013/01/14 v3.01 Basic AMSFonts support
\symAMSa=\mathgroup4
\symAMSb=\mathgroup5
LaTeX Font Info:    Redeclaring math symbol \hbar on input line 98.
LaTeX Font Info:    Overwriting math alphabet `\mathfrak' in version `bold'
(Font)                  U/euf/m/n --> U/euf/b/n on input line 106.
))
(C:\Users\bryan\AppData\Roaming\MiKTeX\tex/latex/amscls\amsthm.sty
Package: amsthm 2020/05/29 v2.20.6
\thm@style=\toks25
\thm@bodyfont=\toks26
\thm@headfont=\toks27
\thm@notefont=\toks28
\thm@headpunct=\toks29
\thm@preskip=\skip55
\thm@postskip=\skip56
\thm@headsep=\skip57
\dth@everypar=\toks30
)
(C:\Program Files\MiKTeX\tex/latex/graphics\graphicx.sty
Package: graphicx 2024/12/31 v1.2e Enhanced LaTeX Graphics (DPC,SPQR)

(C:\Program Files\MiKTeX\tex/latex/graphics\keyval.sty
Package: keyval 2022/05/29 v1.15 key=value parser (DPC)
\KV@toks@=\toks31
)
(C:\Program Files\MiKTeX\tex/latex/graphics\graphics.sty
Package: graphics 2024/08/06 v1.4g Standard LaTeX Graphics (DPC,SPQR)

(C:\Program Files\MiKTeX\tex/latex/graphics\trig.sty
Package: trig 2023/12/02 v1.11 sin cos tan (DPC)
)
(C:\Program Files\MiKTeX\tex/latex/graphics-cfg\graphics.cfg
File: graphics.cfg 2016/06/04 v1.11 sample graphics configuration
)
Package graphics Info: Driver file: pdftex.def on input line 106.

(C:\Program Files\MiKTeX\tex/latex/graphics-def\pdftex.def
File: pdftex.def 2025/09/29 v1.2d Graphics/color driver for pdftex
))
\Gin@req@height=\dimen181
\Gin@req@width=\dimen182
)
(C:\Program Files\MiKTeX\tex/latex/tools\tabularx.sty
Package: tabularx 2023/12/11 v2.12a `tabularx' package (DPC)

(C:\Program Files\MiKTeX\tex/latex/tools\array.sty
Package: array 2025/09/25 v2.6n Tabular extension package (FMi)
\col@sep=\dimen183
\ar@mcellbox=\box57
\extrarowheight=\dimen184
\NC@list=\toks32
\extratabsurround=\skip58
\backup@length=\skip59
\ar@cellbox=\box58
)
\TX@col@width=\dimen185
\TX@old@table=\dimen186
\TX@old@col=\dimen187
\TX@target=\dimen188
\TX@delta=\dimen189
\TX@cols=\count302
\TX@ftn=\toks33
)
(C:\Program Files\MiKTeX\tex/latex/listings\listings.sty
\lst@mode=\count303
\lst@gtempboxa=\box59
\lst@token=\toks34
\lst@length=\count304
\lst@currlwidth=\dimen190
\lst@column=\count305
\lst@pos=\count306
\lst@lostspace=\dimen191
\lst@width=\dimen192
\lst@newlines=\count307
\lst@lineno=\count308
\lst@maxwidth=\dimen193

(C:\Program Files\MiKTeX\tex/latex/listings\lstpatch.sty
File: lstpatch.sty 2025/11/14 1.11b (Carsten Heinz)
)
(C:\Program Files\MiKTeX\tex/latex/listings\lstmisc.sty
File: lstmisc.sty 2025/11/14 1.11b (Carsten Heinz)
\c@lstnumber=\count309
\lst@skipnumbers=\count310
\lst@framebox=\box60
)
(C:\Program Files\MiKTeX\tex/latex/listings\listings.cfg
File: listings.cfg 2025/11/14 1.11b listings configuration
))
Package: listings 2025/11/14 1.11b (Carsten Heinz)

==> First Aid for listings.sty no longer applied!
    Expected:
        2024/09/23 1.10c (Carsten Heinz)
    but found:
        2025/11/14 1.11b (Carsten Heinz)
    so I'm assuming it got fixed.
(C:\Program Files\MiKTeX\tex/latex/hyperref\hyperref.sty
Package: hyperref 2026-01-29 v7.01p Hypertext links for LaTeX

(C:\Program Files\MiKTeX\tex/generic/iftex\iftex.sty
Package: iftex 2024/12/12 v1.0g TeX engine tests
)
(C:\Users\bryan\AppData\Roaming\MiKTeX\tex/latex/kvsetkeys\kvsetkeys.sty
Package: kvsetkeys 2022-10-05 v1.19 Key value parser (HO)
)
(C:\Users\bryan\AppData\Roaming\MiKTeX\tex/generic/kvdefinekeys\kvdefinekeys.st
y
Package: kvdefinekeys 2019-12-19 v1.6 Define keys (HO)
) (C:\Users\bryan\AppData\Roaming\MiKTeX\tex/generic/pdfescape\pdfescape.sty
Package: pdfescape 2019/12/09 v1.15 Implements pdfTeX's escape features (HO)

(C:\Users\bryan\AppData\Roaming\MiKTeX\tex/generic/ltxcmds\ltxcmds.sty
Package: ltxcmds 2023-12-04 v1.26 LaTeX kernel commands for general use (HO)
)
(C:\Program Files\MiKTeX\tex/generic/pdftexcmds\pdftexcmds.sty
Package: pdftexcmds 2020-06-27 v0.33 Utility functions of pdfTeX for LuaTeX (HO
)

(C:\Users\bryan\AppData\Roaming\MiKTeX\tex/generic/infwarerr\infwarerr.sty
Package: infwarerr 2019/12/03 v1.5 Providing info/warning/error messages (HO)
)
Package pdftexcmds Info: \pdf@primitive is available.
Package pdftexcmds Info: \pdf@ifprimitive is available.
Package pdftexcmds Info: \pdfdraftmode found.
))
(C:\Users\bryan\AppData\Roaming\MiKTeX\tex/latex/hycolor\hycolor.sty
Package: hycolor 2020-01-27 v1.10 Color options for hyperref/bookmark (HO)
)
(C:\Program Files\MiKTeX\tex/latex/hyperref\nameref.sty
Package: nameref 2026-01-29 v2.58 Cross-referencing by name of section

(C:\Users\bryan\AppData\Roaming\MiKTeX\tex/latex/refcount\refcount.sty
Package: refcount 2019/12/15 v3.6 Data extraction from label references (HO)
)
(C:\Users\bryan\AppData\Roaming\MiKTeX\tex/generic/gettitlestring\gettitlestrin
g.sty
Package: gettitlestring 2019/12/15 v1.6 Cleanup title references (HO)
 (C:\Users\bryan\AppData\Roaming\MiKTeX\tex/latex/kvoptions\kvoptions.sty
Package: kvoptions 2022-06-15 v3.15 Key value format for package options (HO)
))
\c@section@level=\count311
) (C:\Program Files\MiKTeX\tex/latex/etoolbox\etoolbox.sty
Package: etoolbox 2025/10/02 v2.5m e-TeX tools for LaTeX (JAW)
\etb@tempcnta=\count312
)
(C:\Users\bryan\AppData\Roaming\MiKTeX\tex/generic/stringenc\stringenc.sty
Package: stringenc 2019/11/29 v1.12 Convert strings between diff. encodings (HO
)
)
\@linkdim=\dimen194
\Hy@linkcounter=\count313
\Hy@pagecounter=\count314

(C:\Program Files\MiKTeX\tex/latex/hyperref\pd1enc.def
File: pd1enc.def 2026-01-29 v7.01p Hyperref: PDFDocEncoding definition (HO)
Now handling font encoding PD1 ...
... no UTF-8 mapping file for font encoding PD1
)
(C:\Users\bryan\AppData\Roaming\MiKTeX\tex/generic/intcalc\intcalc.sty
Package: intcalc 2019/12/15 v1.3 Expandable calculations with integers (HO)
)
\Hy@SavedSpaceFactor=\count315

(C:\Program Files\MiKTeX\tex/latex/hyperref\puenc.def
File: puenc.def 2026-01-29 v7.01p Hyperref: PDF Unicode definition (HO)
Now handling font encoding PU ...
... no UTF-8 mapping file for font encoding PU
)
Package hyperref Info: Hyper figures OFF on input line 4201.
Package hyperref Info: Link nesting OFF on input line 4206.
Package hyperref Info: Hyper index ON on input line 4209.
Package hyperref Info: Plain pages OFF on input line 4216.
Package hyperref Info: Backreferencing OFF on input line 4221.
Package hyperref Info: Implicit mode ON; LaTeX internals redefined.
Package hyperref Info: Bookmarks ON on input line 4468.
\c@Hy@tempcnt=\count316

(C:\Program Files\MiKTeX\tex/latex/url\url.sty
\Urlmuskip=\muskip18
Package: url 2013/09/16  ver 3.4  Verb mode for urls, etc.
)
LaTeX Info: Redefining \url on input line 4807.
\XeTeXLinkMargin=\dimen195

(C:\Users\bryan\AppData\Roaming\MiKTeX\tex/generic/bitset\bitset.sty
Package: bitset 2019/12/09 v1.3 Handle bit-vector datatype (HO)

(C:\Users\bryan\AppData\Roaming\MiKTeX\tex/generic/bigintcalc\bigintcalc.sty
Package: bigintcalc 2019/12/15 v1.5 Expandable calculations on big integers (HO
)
))
\Fld@menulength=\count317
\Field@Width=\dimen196
\Fld@charsize=\dimen197
Package hyperref Info: Hyper figures OFF on input line 6084.
Package hyperref Info: Link nesting OFF on input line 6089.
Package hyperref Info: Hyper index ON on input line 6092.
Package hyperref Info: backreferencing OFF on input line 6099.
Package hyperref Info: Link coloring OFF on input line 6104.
Package hyperref Info: Link coloring with OCG OFF on input line 6109.
Package hyperref Info: PDF/A mode OFF on input line 6114.
\Hy@abspage=\count318
\c@Item=\count319
\c@Hfootnote=\count320
)
Package hyperref Info: Driver (autodetected): hpdftex.
(C:\Program Files\MiKTeX\tex/latex/hyperref\hpdftex.def
File: hpdftex.def 2026-01-29 v7.01p Hyperref driver for pdfTeX
\Fld@listcount=\count321
\c@bookmark@seq@number=\count322

(C:\Users\bryan\AppData\Roaming\MiKTeX\tex/latex/rerunfilecheck\rerunfilecheck.
sty
Package: rerunfilecheck 2025-06-21 v1.11 Rerun checks for auxiliary files (HO)

(C:\Users\bryan\AppData\Roaming\MiKTeX\tex/generic/uniquecounter\uniquecounter.
sty
Package: uniquecounter 2019/12/15 v1.4 Provide unlimited unique counter (HO)
)
Package uniquecounter Info: New unique counter `rerunfilecheck' on input line 2
84.
)
\Hy@SectionHShift=\skip60
) (C:\Program Files\MiKTeX\tex/latex/l3backend\l3backend-pdftex.def
File: l3backend-pdftex.def 2025-10-09 L3 backend support: PDF output (pdfTeX)
\l__color_backend_stack_int=\count323
)
(cerebrum_master_professional.aux)
\openout1 = `cerebrum_master_professional.aux'.

LaTeX Font Info:    Checking defaults for OML/cmm/m/it on input line 29.
LaTeX Font Info:    ... okay on input line 29.
LaTeX Font Info:    Checking defaults for OMS/cmsy/m/n on input line 29.
LaTeX Font Info:    ... okay on input line 29.
LaTeX Font Info:    Checking defaults for OT1/cmr/m/n on input line 29.
LaTeX Font Info:    ... okay on input line 29.
LaTeX Font Info:    Checking defaults for T1/cmr/m/n on input line 29.
LaTeX Font Info:    ... okay on input line 29.
LaTeX Font Info:    Checking defaults for TS1/cmr/m/n on input line 29.
LaTeX Font Info:    ... okay on input line 29.
LaTeX Font Info:    Checking defaults for OMX/cmex/m/n on input line 29.
LaTeX Font Info:    ... okay on input line 29.
LaTeX Font Info:    Checking defaults for U/cmr/m/n on input line 29.
LaTeX Font Info:    ... okay on input line 29.
LaTeX Font Info:    Checking defaults for PD1/pdf/m/n on input line 29.
LaTeX Font Info:    ... okay on input line 29.
LaTeX Font Info:    Checking defaults for PU/pdf/m/n on input line 29.
LaTeX Font Info:    ... okay on input line 29.

-- Lines per column: 56 (exact).
(C:\Program Files\MiKTeX\tex/context/base/mkii\supp-pdf.mkii
[Loading MPS to PDF converter (version 2006.09.02).]
\scratchcounter=\count324
\scratchdimen=\dimen198
\scratchbox=\box61
\nofMPsegments=\count325
\nofMParguments=\count326
\everyMPshowfont=\toks35
\MPscratchCnt=\count327
\MPscratchDim=\dimen199
\MPnumerator=\count328
\makeMPintoPDFobject=\count329
\everyMPtoPDFconversion=\toks36
) (C:\Program Files\MiKTeX\tex/latex/epstopdf-pkg\epstopdf-base.sty
Package: epstopdf-base 2020-01-24 v2.11 Base part for package epstopdf
Package epstopdf-base Info: Redefining graphics rule for `.eps' on input line 4
85.

(C:\Program Files\MiKTeX\tex/latex/00miktex\epstopdf-sys.cfg
File: epstopdf-sys.cfg 2021/03/18 v2.0 Configuration of epstopdf for MiKTeX
))
\c@lstlisting=\count330
Package hyperref Info: Link coloring OFF on input line 29.

(cerebrum_master_professional.out) (cerebrum_master_professional.out)
\@outlinefile=\write3
\openout3 = `cerebrum_master_professional.out'.


Underfull \hbox (badness 10000) in paragraph at lines 33--35
[]\OT1/ptm/b/it/9 Abstract\OT1/ptm/b/n/9 ---We in-tro-duce CERE-BRUM, a Communi
ty-
 []

(cerebrum_master_professional.toc
LaTeX Font Info:    Trying to load font information for U+msa on input line 2.

(C:\Program Files\MiKTeX\tex/latex/amsfonts\umsa.fd
File: umsa.fd 2013/01/14 v3.01 AMS symbols A
)
LaTeX Font Info:    Trying to load font information for U+msb on input line 2.

(C:\Program Files\MiKTeX\tex/latex/amsfonts\umsb.fd
File: umsb.fd 2013/01/14 v3.01 AMS symbols B
)
Underfull \hbox (badness 10000) in paragraph at lines 8--8
 [][] [][]\OT1/ptm/m/n/10 3. Temperature-Annealed 
 []


Underfull \hbox (badness 5878) in paragraph at lines 11--11
[][][]\OT1/ptm/b/n/10 CSA: Community-Structured At-ten-tion for 
 []


Underfull \hbox (badness 10000) in paragraph at lines 18--18
 [][] [][]\OT1/ptm/m/n/10 4. En-ter-prise Hard-en-ing 
 []


Underfull \hbox (badness 1990) in paragraph at lines 26--26
 [][] [][]\OT1/ptm/m/n/10 3. Struc-tural Main-te-nance: 
 []


Underfull \hbox (badness 1509) in paragraph at lines 51--51
\OT1/ptm/b/n/10 and In-sight Syn-the-sis in Au-tonomous Knowl-edge 
 []

[1{C:/Users/bryan/AppData/Local/MiKTeX/fonts/map/pdftex/pdftex.map}{C:/Program 
Files/MiKTeX/fonts/enc/dvips/base/8r.enc}


]
Underfull \hbox (badness 10000) in paragraph at lines 93--93
 [][] [][]\OT1/ptm/m/n/10 2. Foren-sic Vi-su-al-iza-tion 
 []


Underfull \hbox (badness 10000) in paragraph at lines 96--96
 [][] [][]\OT1/ptm/m/n/10 3. In-ter-ac-tive De-bug-ging 
 []

)
\tf@toc=\write4
\openout4 = `cerebrum_master_professional.toc'.

 [2] (compiled/PAPER_001_DSCF_TSC.tex

Package hyperref Warning: Difference (2) between bookmark levels is greater 
(hyperref)                than one, level fixed on input line 11.


Overfull \hbox (7.07939pt too wide) detected at line 37
[][][]\OML/cmm/m/it/10 C[] \OT1/cmr/m/n/10 = [] [] []
 []

) (compiled/PAPER_002_CSA.tex

Package hyperref Warning: Difference (2) between bookmark levels is greater 
(hyperref)                than one, level fixed on input line 11.

[3]
Overfull \hbox (102.16545pt too wide) detected at line 30
[][][]\OML/cmm/m/it/10 a\OT1/cmr/m/n/10 (\OML/cmm/m/it/10 u; v; k\OT1/cmr/m/n/1
0 ) = \OML/cmm/m/it/10 ^^[ []
 []


Underfull \hbox (badness 5345) in paragraph at lines 58--59
[]\OT1/ptm/m/n/10 Buchorn, B. A., & Son-net, C. (2026). CERE-
 []

) (compiled/PAPER_003_BRIDGE_TWINS.tex

Package hyperref Warning: Difference (2) between bookmark levels is greater 
(hyperref)                than one, level fixed on input line 11.

LaTeX Font Info:    Trying to load font information for OT1+pcr on input line 2
9.
(C:\Users\bryan\AppData\Roaming\MiKTeX\tex/latex/psnfss\ot1pcr.fd
File: ot1pcr.fd 2001/06/04 font definitions for OT1/pcr.
) [4])
(compiled/PAPER_004_STDP_CAUSAL.tex

Package hyperref Warning: Difference (2) between bookmark levels is greater 
(hyperref)                than one, level fixed on input line 11.

) (compiled/PAPER_005_HOLOGRAPHIC_INDEXING.tex [5]

Package hyperref Warning: Difference (2) between bookmark levels is greater 
(hyperref)                than one, level fixed on input line 11.

) (compiled/PAPER_006_BAYESIAN_BEAM.tex

Package hyperref Warning: Difference (2) between bookmark levels is greater 
(hyperref)                than one, level fixed on input line 11.

[6]) (compiled/PAPER_007_REM_CYCLE.tex

Package hyperref Warning: Difference (2) between bookmark levels is greater 
(hyperref)                than one, level fixed on input line 11.

[7]) (compiled/PAPER_008_SIGNAL_ENCODER.tex

Package hyperref Warning: Difference (2) between bookmark levels is greater 
(hyperref)                than one, level fixed on input line 11.

) (compiled/PAPER_009_THALAMUS.tex

Package hyperref Warning: Difference (2) between bookmark levels is greater 
(hyperref)                than one, level fixed on input line 11.

[8]) (compiled/PAPER_010_INFERENCE_VALIDATION.tex

Package hyperref Warning: Difference (2) between bookmark levels is greater 
(hyperref)                than one, level fixed on input line 11.

[9]) (compiled/PAPER_011_CONTRADICTION.tex

Package hyperref Warning: Difference (2) between bookmark levels is greater 
(hyperref)                than one, level fixed on input line 11.


Underfull \hbox (badness 2080) in paragraph at lines 11--12
\OT1/ptm/m/n/10 counter con-flict-ing in-for-ma-tion from het-ero-ge-neous data

 []


Underfull \hbox (badness 10000) in paragraph at lines 27--28
 \OT1/ptm/m/it/10 b) 2.2 Reifi-ca-tion and Delta-Authority: [][] \OT1/ptm/m/n/1
0 When
 []

) (compiled/PAPER_012_REASONING_STUDIO.tex

Package hyperref Warning: Difference (2) between bookmark levels is greater 
(hyperref)                than one, level fixed on input line 11.

[10]
Underfull \hbox (badness 10000) in paragraph at lines 24--25
[]\OT1/ptm/b/n/10 Potentiation\OT1/ptm/m/n/10 : Edges be-ing strength-ened by L
TP
 []


Underfull \hbox (badness 2582) in paragraph at lines 25--26
[]\OT1/ptm/b/n/10 Drift\OT1/ptm/m/n/10 : Com-mu-nity bound-aries shift smoothly
 us-ing
 []


Underfull \hbox (badness 2600) in paragraph at lines 25--26
\OT1/ptm/m/n/10 force-directed lay-outs to re-flect mod-u-lar-ity up-dates
 []

) (compiled/PAPER_013_STREAMING_ENGINE.tex

Package hyperref Warning: Difference (2) between bookmark levels is greater 
(hyperref)                than one, level fixed on input line 10.


Underfull \hbox (badness 4168) in paragraph at lines 20--21
 \OT1/ptm/m/it/10 a) 2.1 Strea-mAdapter: [][] \OT1/ptm/m/n/10 The \OT1/pcr/m/n/
10 StreamAdapter \OT1/ptm/m/n/10 ex-
 []


Underfull \hbox (badness 1701) in paragraph at lines 20--21
\OT1/ptm/m/n/10 queue. It ac-cepts \OT1/pcr/m/n/10 (subject, predicate, object,

 []

[11]

Package tabularx Warning: X Columns too narrow (table too wide)
(tabularx)                 on input line 34.


Overfull \hbox (33.86922pt too wide) in paragraph at lines 34--34
[]|\OT1/ptm/m/n/10 Discretizer| 
 []


Overfull \hbox (110.0pt too wide) in paragraph at lines 34--34
[]|\OT1/pcr/m/n/10 ThresholdDiscretizer| 
 []


Overfull \hbox (80.0pt too wide) in paragraph at lines 34--34
[]|\OT1/pcr/m/n/10 STDPDiscretizer| 
 []


Overfull \hbox (86.0pt too wide) in paragraph at lines 34--34
[]|\OT1/pcr/m/n/10 DeltaDiscretizer| 
 []


Overfull \hbox (158.0pt too wide) in paragraph at lines 34--34
[]|\OT1/pcr/m/n/10 WindowedFrequencyDiscretizer| 
 []


Overfull \hbox (98.0pt too wide) in paragraph at lines 34--34
[]|\OT1/pcr/m/n/10 PatternDiscretizer| 
 []


Overfull \hbox (127.83755pt too wide) in alignment at lines 34--34
[][][] 
 []


Underfull \hbox (badness 3514) in paragraph at lines 52--53
[]\OT1/pcr/m/n/10 GET /stream/insights \OT1/ptm/m/n/10 | ma-te-ri-al-ized in-si
ght
 []


Underfull \hbox (badness 10000) in paragraph at lines 55--56
\OT1/pcr/m/n/10 "data": ..., "timestamp": float\OT1/ptm/m/n/10 . The stream
 []

[12]) (compiled/PAPER_014_INSIGHT_ENGINE.tex

Package hyperref Warning: Difference (2) between bookmark levels is greater 
(hyperref)                than one, level fixed on input line 10.


Overfull \hbox (30.55931pt too wide) detected at line 36
[][][][][]\OT1/cmr/m/n/10 (\OML/cmm/m/it/10 E[]\OT1/cmr/m/n/10 ) = \OML/cmm/m/i
t/10  \OMS/cmsy/m/n/10 ^^A [][] \OT1/cmr/m/n/10 + \OML/cmm/m/it/10 ^^L \OMS/cm
sy/m/n/10 ^^A [][] \OT1/cmr/m/n/10 + \OML/cmm/m/it/10 ^^M \OMS/cmsy/m/n/10 ^^A 
\U/msb/m/n/10 I\OT1/cmr/m/n/10 [[](\OML/cmm/m/it/10 u\OT1/cmr/m/n/10 ) = [](\OM
L/cmm/m/it/10 v\OT1/cmr/m/n/10 )]
 []


Package tabularx Warning: X Columns too narrow (table too wide)
(tabularx)                 on input line 52.


Overfull \hbox (9.9996pt too wide) in paragraph at lines 52--52
[]|\OT1/ptm/m/n/10 State| 
 []


Overfull \hbox (56.0pt too wide) in paragraph at lines 52--52
[]|\OT1/pcr/m/n/10 SPECULATIVE| 
 []


Overfull \hbox (62.0pt too wide) in paragraph at lines 52--52
[]|\OT1/pcr/m/n/10 CORROBORATED| 
 []


Overfull \hbox (38.0pt too wide) in paragraph at lines 52--52
[]|\OT1/pcr/m/n/10 VERIFIED| 
 []


Overfull \hbox (32.0pt too wide) in paragraph at lines 52--52
[]|\OT1/pcr/m/n/10 REFUTED| 
 []


Overfull \hbox (38.0pt too wide) in paragraph at lines 52--52
[]|\OT1/pcr/m/n/10 GROUNDED| 
 []


Overfull \hbox (50.69806pt too wide) in alignment at lines 52--52
[][] 
 []


Underfull \hbox (badness 1472) in paragraph at lines 62--63
[]\OT1/pcr/m/n/10 CONTRADICTS\OT1/ptm/m/n/10 : Two \OT1/pcr/m/n/10 InsightEvent
 \OT1/ptm/m/n/10 nodes reach
 []

[13]
Underfull \hbox (badness 10000) in paragraph at lines 86--87
\OT1/ptm/m/n/10 When de-tected, these pat-terns are sur-faced as
 []


Underfull \hbox (badness 2310) in paragraph at lines 86--87
\OT1/pcr/m/n/10 STRUCTURAL_BIAS \OT1/ptm/m/n/10 events in $\OML/cmm/m/it/10 G[]
$\OT1/ptm/m/n/10 , trig-ger-ing alerts
 []


Underfull \hbox (badness 10000) in paragraph at lines 100--101
 \OT1/ptm/m/it/10 6) 5. Ex-per-i-men-tal Re-sults: [][][] \OT1/ptm/b/n/10 In-si
ght-Val-ida-tor on
 []


Underfull \vbox (badness 3826) has occurred while \output is active []


Underfull \hbox (badness 2556) in paragraph at lines 123--123
[]|\OT1/ptm/m/n/10 Relation Star-va-tion
 []


Underfull \hbox (badness 10000) in paragraph at lines 123--123
[]|\OT1/ptm/m/n/10 Depth Asym-me-try
 []

) (compiled/PAPER_015_ALGORITHMIC_DEPTH.tex

Package hyperref Warning: Difference (2) between bookmark levels is greater 
(hyperref)                than one, level fixed on input line 10.

[14]
LaTeX Font Info:    Trying to load font information for OML+pcr on input line 3
4.
 (C:\Users\bryan\AppData\Roaming\MiKTeX\tex/latex/psnfss\omlpcr.fd
File: omlpcr.fd 
)
LaTeX Font Info:    Font shape `OML/pcr/m/n' in size <10> not available
(Font)              Font shape `OML/cmm/m/it' tried instead on input line 34.
LaTeX Font Info:    Trying to load font information for OMS+pcr on input line 3
4.

(C:\Users\bryan\AppData\Roaming\MiKTeX\tex/latex/psnfss\omspcr.fd
File: omspcr.fd 
)
LaTeX Font Info:    Font shape `OMS/pcr/m/n' in size <10> not available
(Font)              Font shape `OMS/cmsy/m/n' tried instead on input line 34.

Underfull \hbox (badness 10000) in paragraph at lines 60--61
 \OT1/ptm/m/it/10 c) 3.3 Un-cer-tainty in An-swer Ex-trac-tion: [][] \OT1/ptm/m
/n/10 The
 []


Underfull \hbox (badness 1584) in paragraph at lines 84--85
\OT1/ptm/m/n/10 mem-ber-ship is used by the com-mu-nity con-sen-sus term
 []

[15]
Underfull \hbox (badness 10000) in paragraph at lines 101--102
 \OT1/ptm/m/it/10 b) 5.2 On-line Gradient-Free Adap-ta-tion: [][] \OT1/ptm/m/n/
10 The
 []


Underfull \hbox (badness 10000) in paragraph at lines 115--116
 \OT1/ptm/m/it/10 c) 5.3 Per-Community Pa-ram-e-ters: [][] \OT1/ptm/m/n/10 The
 []


Underfull \hbox (badness 4378) in paragraph at lines 115--116
\OT1/pcr/m/n/10 CSAParameterLearner \OT1/ptm/m/n/10 main-tains sep-a-rate pa-ra
m-e-ter
 []


Overfull \hbox (36.9524pt too wide) in paragraph at lines 160--160
[]|\OT1/ptm/m/n/10 Configuration| 
 []


Overfull \hbox (4.72256pt too wide) in paragraph at lines 160--160
[]|\OT1/ptm/m/n/10 Phase
 []


Underfull \hbox (badness 10000) in paragraph at lines 160--160
\OT1/ptm/m/n/10 16
 []


Overfull \hbox (2.49258pt too wide) in paragraph at lines 160--160
\OT1/ptm/m/n/10 base-
 []


Underfull \hbox (badness 10000) in paragraph at lines 160--160
[]|\OT1/ptm/m/n/10 +
 []


Overfull \hbox (2.35268pt too wide) in paragraph at lines 160--160
\OT1/ptm/m/n/10 Tem-
 []


Underfull \hbox (badness 10000) in paragraph at lines 160--160
\OT1/ptm/m/n/10 po-
 []


Underfull \hbox (badness 10000) in paragraph at lines 160--160
\OT1/ptm/m/n/10 ral
 []


Overfull \hbox (4.16263pt too wide) in paragraph at lines 160--160
\OT1/ptm/m/n/10 edges| 
 []


Underfull \hbox (badness 10000) in paragraph at lines 160--160
[]|\OT1/ptm/m/n/10 +
 []


Underfull \hbox (badness 10000) in paragraph at lines 160--160
\OT1/ptm/m/n/10 Un-
 []


Underfull \hbox (badness 10000) in paragraph at lines 160--160
\OT1/ptm/m/n/10 cer-
 []


Overfull \hbox (4.17247pt too wide) in paragraph at lines 160--160
\OT1/ptm/m/n/10 tainty
 []


Overfull \hbox (3.05276pt too wide) in paragraph at lines 160--160
\OT1/ptm/m/n/10 prop-
 []


Underfull \hbox (badness 10000) in paragraph at lines 160--160
\OT1/ptm/m/n/10 a-ga-
 []


Underfull \hbox (badness 10000) in paragraph at lines 160--160
[]|\OT1/ptm/m/n/10 +
 []


Underfull \hbox (badness 10000) in paragraph at lines 160--160
\OT1/ptm/m/n/10 Soft
 []


Overfull \hbox (1.94264pt too wide) in paragraph at lines 160--160
\OT1/ptm/m/n/10 com-
 []


Underfull \hbox (badness 10000) in paragraph at lines 160--160
\OT1/ptm/m/n/10 mu-
 []


Underfull \hbox (badness 10000) in paragraph at lines 160--160
[]|\OT1/ptm/m/n/10 +
 []


Overfull \hbox (14.02261pt too wide) in paragraph at lines 160--160
\OT1/ptm/m/n/10 CSAPa-
 []


Underfull \hbox (badness 10000) in paragraph at lines 160--160
\OT1/ptm/m/n/10 e-ter-
 []


Overfull \hbox (12.48257pt too wide) in paragraph at lines 160--160
\OT1/ptm/m/n/10 Learner| 
 []


Underfull \hbox (badness 10000) in paragraph at lines 160--160
[]|\OT1/ptm/m/n/10 +
 []


Overfull \hbox (1.94278pt too wide) in paragraph at lines 160--160
\OT1/ptm/m/n/10 KGE
 []


Underfull \hbox (badness 10000) in paragraph at lines 160--160
\OT1/ptm/m/n/10 (Ro-
 []


Overfull \hbox (0.83252pt too wide) in paragraph at lines 160--160
\OT1/ptm/m/n/10 tatE)
 []


Underfull \hbox (badness 10000) in paragraph at lines 160--160
\OT1/ptm/m/n/10 em-
 []


Underfull \hbox (badness 10000) in paragraph at lines 160--160
\OT1/ptm/m/n/10 bed-
 []


Overfull \hbox (3.06264pt too wide) in paragraph at lines 160--160
\OT1/ptm/m/n/10 dings| 
 []


Underfull \vbox (badness 10000) has occurred while \output is active []

 [16]
Underfull \hbox (badness 2343) in paragraph at lines 166--167
\OT1/ptm/m/n/10 strates that mean-ing-ful rea-son-ing im-prove-ments can be
 []

) (compiled/PAPER_016_PRODUCTION_HARDENING.tex

Package hyperref Warning: Difference (2) between bookmark levels is greater 
(hyperref)                than one, level fixed on input line 10.


Underfull \hbox (badness 10000) in paragraph at lines 23--24
 \OT1/ptm/m/it/10 a) 2.1 Hole 1: Zom-bie Bridge (Re-bal-ancer
 []


Underfull \hbox (badness 10000) in paragraph at lines 23--24
\OMS/cmsy/m/n/10 ^^B$ \OT1/ptm/m/it/10 Bridge Twin En-gine): [][] \OT1/ptm/b/n/
10 Root cause\OT1/ptm/m/n/10 : The
 []


Underfull \hbox (badness 10000) in paragraph at lines 23--24
\OT1/pcr/m/n/10 adapter.community_map \OT1/ptm/m/n/10 with a fresh par-ti-tion.

 []


Underfull \hbox (badness 7576) in paragraph at lines 23--24
\OT1/ptm/m/n/10 Com-mu-nity IDs are as-signed se-quen-tially (0, 1, 2,
 []


Underfull \hbox (badness 10000) in paragraph at lines 23--24
\OT1/ptm/m/n/10 ...) by \OT1/pcr/m/n/10 _community_map_from_partitions()\OT1/pt
m/m/n/10 .
 []


Underfull \hbox (badness 10000) in paragraph at lines 23--24
\OT1/ptm/m/n/10 Af-ter a re-run, old com-mu-nity ID 42 may be
 []


Underfull \hbox (badness 10000) in paragraph at lines 23--24
\OT1/ptm/m/n/10 gone or now rep-re-sent a dif-fer-ent se-man-tic
 []


Underfull \hbox (badness 10000) in paragraph at lines 23--24
\OT1/ptm/m/n/10 clus-ter. \OT1/pcr/m/n/10 BridgeTwinEngine._bridges \OT1/ptm/m/
n/10 holds
 []


Underfull \hbox (badness 10000) in paragraph at lines 23--24
\OT1/pcr/m/n/10 BridgeRecord \OT1/ptm/m/n/10 ob-jects whose \OT1/pcr/m/n/10 sou
rce_community
 []

[17]
Overfull \hbox (64.96973pt too wide) in paragraph at lines 27--29
[]\OT1/ptm/b/n/10 Fix\OT1/ptm/m/n/10 : \OT1/pcr/m/n/10 BridgeTwinEngine.on_reba
lance(new_community_map:
 []


Underfull \hbox (badness 10000) in paragraph at lines 30--31
[]\OT1/ptm/m/n/10 For each record, checks whether
 []


Overfull \hbox (14.09729pt too wide) in paragraph at lines 30--31
\OT1/pcr/m/n/10 new_community_map.get(record.original_id)
 []


Underfull \hbox (badness 10000) in paragraph at lines 35--36
\OT1/pcr/m/n/10 GlobalRebalancer \OT1/ptm/m/n/10 is ex-tended with an
 []


Underfull \hbox (badness 10000) in paragraph at lines 35--36
\OT1/ptm/m/n/10 op-tional \OT1/pcr/m/n/10 bridge_engine= \OT1/ptm/m/n/10 pa-ram
-e-ter; af-ter
 []


Underfull \hbox (badness 10000) in paragraph at lines 35--36
\OT1/ptm/m/n/10 the atomic community-map swap, it calls
 []


Underfull \hbox (badness 10000) in paragraph at lines 41--42
\OT1/ptm/b/n/10 cause\OT1/ptm/m/n/10 : \OT1/pcr/m/n/10 STDPDiscretizer.process(
) \OT1/ptm/m/n/10 ma-te-ri-al-izes
 []


Underfull \hbox (badness 10000) in paragraph at lines 41--42
\OT1/ptm/m/n/10 a \OT1/pcr/m/n/10 CAUSES \OT1/ptm/m/n/10 edge when \OT1/pcr/m/n
/10 _weights[(pre, post)]
 []


Underfull \hbox (badness 10000) in paragraph at lines 41--42
\OML/cmm/m/it/10 >\OT1/pcr/m/n/10 = w_threshold \OT1/ptm/m/n/10 AND \OT1/pcr/m/
n/10 event_count[(pre,
 []


Underfull \hbox (badness 4872) in paragraph at lines 41--42
\OT1/pcr/m/n/10 post)] \OML/cmm/m/it/10 >\OT1/pcr/m/n/10 = n_min\OT1/ptm/m/n/10
 . These thresh-olds pre-vent single-
 []


Underfull \hbox (badness 10000) in paragraph at lines 47--48
[]\OT1/pcr/m/n/10 min_causal_span: float = 0.0 \OT1/ptm/m/n/10 (sec-onds) |
 []


Underfull \hbox (badness 10000) in paragraph at lines 61--62
[]\OT1/pcr/m/n/10 IngestionPipeline(namespace: str = "")
 []


Underfull \hbox (badness 10000) in paragraph at lines 62--63
[]\OT1/pcr/m/n/10 SignalEncoder(namespace: str =
 []


Underfull \hbox (badness 10000) in paragraph at lines 62--63
\OT1/pcr/m/n/10 "signal") \OT1/ptm/m/n/10 | ap-plies names-pace pre-fix
 []


Underfull \hbox (badness 10000) in paragraph at lines 62--63
\OT1/ptm/m/n/10 to all an-chor en-tity IDs be-fore call-ing
 []


Underfull \hbox (badness 10000) in paragraph at lines 62--63
\OT1/ptm/m/n/10 sep-a-rates all sig-nal en-ti-ties from text en-ti-ties
 []


Underfull \hbox (badness 6575) in paragraph at lines 65--66
\OT1/ptm/b/n/10 Validation\OT1/ptm/m/n/10 : Run 032 | 100% col-li-sion elim-i-n
a-tion;
 []


Underfull \hbox (badness 10000) in paragraph at lines 69--70
 \OT1/ptm/m/it/10 d) 2.4 Hole 4: Bayesian Cold-Start Bias
 []


Underfull \hbox (badness 10000) in paragraph at lines 69--70
\OT1/ptm/m/it/10 (Thomp-son Sam-pling $\OMS/cmsy/m/n/10 ^^B$ \OT1/ptm/m/it/10 S
parse Graphs): [][] \OT1/ptm/b/n/10 Root
 []


Underfull \hbox (badness 6808) in paragraph at lines 69--70
\OT1/ptm/b/n/10 cause\OT1/ptm/m/n/10 : New \OT1/pcr/m/n/10 TraversalPath \OT1/p
tm/m/n/10 ob-jects ini-tial-ize with
 []


Underfull \hbox (badness 10000) in paragraph at lines 69--70
\OT1/pcr/m/n/10 beta_alpha=1.0, beta_beta=1.0 \OT1/ptm/m/n/10 (Beta(1,1) =
 []


Underfull \hbox (badness 10000) in paragraph at lines 73--74
[]\OT1/ptm/b/n/10 Fix\OT1/ptm/m/n/10 : \OT1/pcr/m/n/10 BeamTraversal(warm_start
_strength:
 []


Underfull \hbox (badness 10000) in paragraph at lines 79--80
[]\OT1/ptm/m/n/10 where $\OML/cmm/m/it/10 w$ \OT1/ptm/m/n/10 is the CSA weight 
and $\OML/cmm/m/it/10 s$ \OT1/ptm/m/n/10 is
 []


Underfull \hbox (badness 10000) in paragraph at lines 79--80
\OT1/pcr/m/n/10 warm_start_strength\OT1/ptm/m/n/10 . This pro-duces a more
 []


Underfull \hbox (badness 5050) in paragraph at lines 81--82
[]\OT1/ptm/b/n/10 Validation\OT1/ptm/m/n/10 : Run 032 | first-hop vari-ance re-
duced
 []


Underfull \hbox (badness 10000) in paragraph at lines 81--82
\OT1/ptm/m/n/10 by 85%; MetaQA-3hop H@10 +8.2% rel-a-tive with
 []


Underfull \hbox (badness 10000) in paragraph at lines 87--88
 \OT1/ptm/m/it/10 a) 3.1 Hole 5: Mid-Flight Com-mu-nity Swap
 []


Underfull \hbox (badness 10000) in paragraph at lines 87--88
\OT1/ptm/m/it/10 (Glob-al-Re-bal-ancer $\OMS/cmsy/m/n/10 ^^B$ \OT1/ptm/m/it/10 
Beam-Traver-sal): [][] \OT1/ptm/b/n/10 Root
 []


Underfull \hbox (badness 10000) in paragraph at lines 87--88
\OT1/ptm/b/n/10 cause\OT1/ptm/m/n/10 : \OT1/pcr/m/n/10 BeamTraversal.traverse()
 \OT1/ptm/m/n/10 calls
 []


Underfull \hbox (badness 10000) in paragraph at lines 87--88
\OT1/pcr/m/n/10 adapter.community_map \OT1/ptm/m/n/10 at each hop. If the
 []

[18]
Overfull \hbox (34.96973pt too wide) in paragraph at lines 91--92
[]\OT1/ptm/b/n/10 Fix\OT1/ptm/m/n/10 : \OT1/pcr/m/n/10 CSAEngine.set_query_snap
shot(community_map:
 []


Underfull \hbox (badness 10000) in paragraph at lines 111--112
 \OT1/ptm/m/it/10 c) 3.3 Hole 7: Canon-i-cal Ba-sis Drift (Sig-
 []


Underfull \hbox (badness 10000) in paragraph at lines 111--112
\OT1/ptm/m/it/10 na-lEn-coder $\OMS/cmsy/m/n/10 ^^B$ \OT1/ptm/m/it/10 Fed-er-at
ed Hops): [][] \OT1/ptm/b/n/10 Root cause\OT1/ptm/m/n/10 :
 []


Underfull \hbox (badness 10000) in paragraph at lines 111--112
\OT1/pcr/m/n/10 SignalEncoder.learn_alignment() \OT1/ptm/m/n/10 com-putes
 []


Underfull \hbox (badness 10000) in paragraph at lines 111--112
\OT1/ptm/m/n/10 a Pro-crustes SVD ro-ta-tion ma-trix $\OML/cmm/m/it/10 R$ \OT1/
ptm/m/n/10 that aligns
 []


Underfull \hbox (badness 10000) in paragraph at lines 111--112
\OT1/ptm/m/n/10 sen-sor em-bed-dings to the em-bed-ding space of a
 []


Underfull \hbox (badness 6300) in paragraph at lines 111--112
\OT1/ptm/m/n/10 spe-cific \OT1/pcr/m/n/10 GraphAdapter\OT1/ptm/m/n/10 . In a fe
d-er-ated de-ploy-ment,
 []


Underfull \hbox (badness 2205) in paragraph at lines 111--112
\OT1/ptm/m/n/10 Each adapter has a slightly dif-fer-ent em-bed-ding space
 []


Underfull \hbox (badness 10000) in paragraph at lines 115--116
[]\OT1/ptm/b/n/10 Fix\OT1/ptm/m/n/10 : \OT1/pcr/m/n/10 SignalEncoder(canonical_
embeddings:
 []


Underfull \hbox (badness 2698) in paragraph at lines 115--116
\OT1/pcr/m/n/10 Optional[Dict[str, np.ndarray]] = None) \OT1/ptm/m/n/10 |
 []


Underfull \hbox (badness 10000) in paragraph at lines 121--122
 \OT1/ptm/m/it/10 d) 3.4 Hole 8: Path-Preserving Hold-out
 []


Underfull \hbox (badness 10000) in paragraph at lines 121--122
\OT1/ptm/m/it/10 (In-fer-ence-Val-ida-tor $\OMS/cmsy/m/n/10 ^^B$ \OT1/ptm/m/it/
10 Sparse Graphs): [][] \OT1/ptm/b/n/10 Root cause\OT1/ptm/m/n/10 :
 []


Underfull \hbox (badness 10000) in paragraph at lines 125--126
[]\OT1/ptm/b/n/10 Fix\OT1/ptm/m/n/10 : \OT1/pcr/m/n/10 InferenceValidator(path_
preserving:
 []


Package tabularx Warning: X Columns too narrow (table too wide)
(tabularx)                 on input line 142.


Overfull \hbox (26.50975pt too wide) in paragraph at lines 142--142
[]|\OT1/ptm/m/n/10 Category| 
 []


Overfull \hbox (9.9996pt too wide) in paragraph at lines 142--142
[]|\OT1/ptm/m/n/10 Stale
 []


Overfull \hbox (7.76978pt too wide) in paragraph at lines 142--142
\OT1/ptm/m/n/10 Ref-
 []


Overfull \hbox (0.8999pt too wide) in paragraph at lines 142--142
\OT1/ptm/m/n/10 er-
 []


Overfull \hbox (8.31982pt too wide) in paragraph at lines 142--142
\OT1/ptm/m/n/10 ence| 
 []


Overfull \hbox (36.49948pt too wide) in paragraph at lines 142--142
[]|\OT1/ptm/m/n/10 Adversarial
 []


Overfull \hbox (1.65991pt too wide) in paragraph at lines 142--142
\OT1/ptm/m/n/10 In-
 []


Overfull \hbox (2.77989pt too wide) in paragraph at lines 142--142
\OT1/ptm/m/n/10 put| 
 []


Overfull \hbox (36.08946pt too wide) in paragraph at lines 142--142
[]|\OT1/ptm/m/n/10 Namespace
 []


Overfull \hbox (7.77977pt too wide) in paragraph at lines 142--142
\OT1/ptm/m/n/10 Col-
 []


Underfull \hbox (badness 10000) in paragraph at lines 142--142
\OT1/ptm/m/n/10 li-
 []


Overfull \hbox (6.66978pt too wide) in paragraph at lines 142--142
\OT1/ptm/m/n/10 sion| 
 []


Overfull \hbox (51.66899pt too wide) in paragraph at lines 142--142
[]|\OT1/ptm/m/n/10 Bias/Saturation| 
 []


Overfull \hbox (33.07954pt too wide) in paragraph at lines 142--142
[]|\OT1/ptm/m/n/10 Evaluation
 []


Overfull \hbox (3.67993pt too wide) in paragraph at lines 142--142
\OT1/ptm/m/n/10 Ar-
 []


Underfull \hbox (badness 10000) in paragraph at lines 142--142
\OT1/ptm/m/n/10 ti-
 []


Overfull \hbox (8.77963pt too wide) in paragraph at lines 142--142
\OT1/ptm/m/n/10 facts| 
 []


Overfull \hbox (231.38628pt too wide) in alignment at lines 142--142
[][][] 
 []


Underfull \vbox (badness 10000) has occurred while \output is active []

 [19])
(cerebrum_master_professional.bbl)

** Conference Paper **
Before submitting the final camera ready copy, remember to:

 1. Manually equalize the lengths of two columns on the last page
 of your paper;

 2. Ensure that any PostScript and/or PDF output post-processing
 uses only Type 1 fonts and that every step in the generation
 process uses the appropriate paper size.

[20

] (cerebrum_master_professional.aux)
 ***********
LaTeX2e <2025-11-01>
L3 programming layer <2026-01-19>
 ***********
Package rerunfilecheck Info: File `cerebrum_master_professional.out' has not ch
anged.
(rerunfilecheck)             Checksum: B074BF675DABE5D55565E5809B94F3FA;24386.
 ) 
Here is how much of TeX's memory you used:
 12937 strings out of 467867
 199956 string characters out of 5428401
 689642 words of memory out of 5000000
 41265 multiletter control sequences out of 15000+600000
 663138 words of font info for 103 fonts, out of 8000000 for 9000
 1141 hyphenation exceptions out of 8191
 75i,8n,79p,1314b,1074s stack positions out of 10000i,1000n,20000p,200000b,200000s
<C:/Program Files/MiKTeX/fonts/type1/public/amsfonts/cm/cmex10.pfb><C:/Progra
m Files/MiKTeX/fonts/type1/public/amsfonts/cm/cmmi10.pfb><C:/Program Files/MiKT
eX/fonts/type1/public/amsfonts/cm/cmmi5.pfb><C:/Program Files/MiKTeX/fonts/type
1/public/amsfonts/cm/cmmi7.pfb><C:/Program Files/MiKTeX/fonts/type1/public/amsf
onts/cm/cmr10.pfb><C:/Program Files/MiKTeX/fonts/type1/public/amsfonts/cm/cmr5.
pfb><C:/Program Files/MiKTeX/fonts/type1/public/amsfonts/cm/cmr7.pfb><C:/Progra
m Files/MiKTeX/fonts/type1/public/amsfonts/cm/cmsy10.pfb><C:/Program Files/MiKT
eX/fonts/type1/public/amsfonts/cm/cmsy5.pfb><C:/Program Files/MiKTeX/fonts/type
1/public/amsfonts/cm/cmsy7.pfb><C:/Program Files/MiKTeX/fonts/type1/public/amsf
onts/symbols/msbm10.pfb><C:/Program Files/MiKTeX/fonts/type1/urw/courier/ucrr8a
.pfb><C:/Program Files/MiKTeX/fonts/type1/urw/times/utmb8a.pfb><C:/Program File
s/MiKTeX/fonts/type1/urw/times/utmbi8a.pfb><C:/Program Files/MiKTeX/fonts/type1
/urw/times/utmr8a.pfb><C:/Program Files/MiKTeX/fonts/type1/urw/times/utmri8a.pf
b>
Output written on cerebrum_master_professional.pdf (20 pages, 443501 bytes).
PDF statistics:
 1048 PDF objects out of 1200 (max. 8388607)
 360 named destinations out of 1000 (max. 500000)
 857 words of extra memory for PDF output out of 10000 (max. 10000000)

