\BOOKMARK [1][-]{section.1}{\376\377\000D\000S\000C\000F\000/\000T\000S\000C\000:\000\040\000A\000\040\000C\000o\000n\000s\000e\000n\000s\000u\000s\000-\000B\000a\000s\000e\000d\000\040\000A\000p\000p\000r\000o\000a\000c\000h\000\040\000t\000o\000\040\000C\000o\000m\000m\000u\000n\000i\000t\000y\000\040\000D\000e\000t\000e\000c\000t\000i\000o\000n\000\040\000f\000o\000r\000\040\000G\000r\000a\000p\000h\000\040\000A\000t\000t\000e\000n\000t\000i\000o\000n}{}% 1
\BOOKMARK [2][-]{subsubsection.1.0.1}{\376\377\000A\000b\000s\000t\000r\000a\000c\000t}{section.1}% 2
\BOOKMARK [3][-]{subsubsection.1.0.2}{\376\377\0001\000.\000\040\000I\000n\000t\000r\000o\000d\000u\000c\000t\000i\000o\000n}{subsubsection.1.0.1}% 3
\BOOKMARK [3][-]{subsubsection.1.0.3}{\376\377\0002\000.\000\040\000M\000e\000t\000h\000o\000d\000o\000l\000o\000g\000y}{subsubsection.1.0.1}% 4
\BOOKMARK [3][-]{subsubsection.1.0.4}{\376\377\0003\000.\000\040\000T\000e\000m\000p\000e\000r\000a\000t\000u\000r\000e\000-\000A\000n\000n\000e\000a\000l\000e\000d\000\040\000C\000o\000n\000s\000e\000n\000s\000u\000s}{subsubsection.1.0.1}% 5
\BOOKMARK [3][-]{subsubsection.1.0.5}{\376\377\0004\000.\000\040\000C\000o\000n\000v\000e\000r\000g\000e\000n\000c\000e\000\040\000a\000n\000d\000\040\000C\000o\000m\000p\000l\000e\000x\000i\000t\000y}{subsubsection.1.0.1}% 6
\BOOKMARK [3][-]{subsubsection.1.0.6}{\376\377\0005\000.\000\040\000C\000o\000n\000c\000l\000u\000s\000i\000o\000n}{subsubsection.1.0.1}% 7
\BOOKMARK [1][-]{section.2}{\376\377\000C\000S\000A\000:\000\040\000C\000o\000m\000m\000u\000n\000i\000t\000y\000-\000S\000t\000r\000u\000c\000t\000u\000r\000e\000d\000\040\000A\000t\000t\000e\000n\000t\000i\000o\000n\000\040\000f\000o\000r\000\040\000K\000n\000o\000w\000l\000e\000d\000g\000e\000\040\000G\000r\000a\000p\000h\000\040\000R\000e\000a\000s\000o\000n\000i\000n\000g}{}% 8
\BOOKMARK [2][-]{subsubsection.2.0.1}{\376\377\000A\000b\000s\000t\000r\000a\000c\000t}{section.2}% 9
\BOOKMARK [3][-]{subsubsection.2.0.2}{\376\377\0001\000.\000\040\000I\000n\000t\000r\000o\000d\000u\000c\000t\000i\000o\000n}{subsubsection.2.0.1}% 10
\BOOKMARK [3][-]{subsubsection.2.0.3}{\376\377\0002\000.\000\040\000T\000h\000e\000\040\000C\000e\000r\000e\000b\000r\000u\000m\000\040\000M\000a\000p\000p\000i\000n\000g}{subsubsection.2.0.1}% 11
\BOOKMARK [3][-]{subsubsection.2.0.4}{\376\377\0003\000.\000\040\000M\000e\000t\000h\000o\000d\000o\000l\000o\000g\000y}{subsubsection.2.0.1}% 12
\BOOKMARK [3][-]{subsubsection.2.0.5}{\376\377\0004\000.\000\040\000E\000n\000t\000e\000r\000p\000r\000i\000s\000e\000\040\000H\000a\000r\000d\000e\000n\000i\000n\000g\000\040\000\050\000v\0001\000.\0002\000.\0000\000\051}{subsubsection.2.0.1}% 13
\BOOKMARK [3][-]{subsubsection.2.0.6}{\376\377\0005\000.\000\040\000C\000o\000n\000c\000l\000u\000s\000i\000o\000n}{subsubsection.2.0.1}% 14
\BOOKMARK [1][-]{section.3}{\376\377\000E\000x\000p\000e\000r\000i\000e\000n\000c\000e\000-\000D\000e\000p\000e\000n\000d\000e\000n\000t\000\040\000S\000t\000r\000u\000c\000t\000u\000r\000a\000l\000\040\000P\000l\000a\000s\000t\000i\000c\000i\000t\000y\000\040\000i\000n\000\040\000K\000n\000o\000w\000l\000e\000d\000g\000e\000\040\000G\000r\000a\000p\000h\000s\000:\000\040\000T\000h\000e\000\040\000B\000r\000i\000d\000g\000e\000\040\000T\000w\000i\000n\000\040\000E\000n\000g\000i\000n\000e}{}% 15
\BOOKMARK [2][-]{subsubsection.3.0.1}{\376\377\000A\000b\000s\000t\000r\000a\000c\000t}{section.3}% 16
\BOOKMARK [3][-]{subsubsection.3.0.2}{\376\377\0001\000.\000\040\000I\000n\000t\000r\000o\000d\000u\000c\000t\000i\000o\000n}{subsubsection.3.0.1}% 17
\BOOKMARK [3][-]{subsubsection.3.0.3}{\376\377\0002\000.\000\040\000M\000e\000t\000h\000o\000d\000o\000l\000o\000g\000y}{subsubsection.3.0.1}% 18
\BOOKMARK [3][-]{subsubsection.3.0.4}{\376\377\0003\000.\000\040\000S\000t\000r\000u\000c\000t\000u\000r\000a\000l\000\040\000M\000a\000i\000n\000t\000e\000n\000a\000n\000c\000e\000:\000\040\000T\000h\000e\000\040\000L\000T\000D\000\040\000A\000n\000a\000l\000o\000g}{subsubsection.3.0.1}% 19
\BOOKMARK [3][-]{subsubsection.3.0.5}{\376\377\0004\000.\000\040\000C\000o\000n\000c\000l\000u\000s\000i\000o\000n}{subsubsection.3.0.1}% 20
\BOOKMARK [1][-]{section.4}{\376\377\000A\000u\000t\000o\000n\000o\000m\000o\000u\000s\000\040\000C\000a\000u\000s\000a\000l\000\040\000D\000i\000s\000c\000o\000v\000e\000r\000y\000\040\000v\000i\000a\000\040\000S\000p\000i\000k\000e\000-\000T\000i\000m\000i\000n\000g\000-\000D\000e\000p\000e\000n\000d\000e\000n\000t\000\040\000P\000l\000a\000s\000t\000i\000c\000i\000t\000y\000\040\000i\000n\000\040\000K\000n\000o\000w\000l\000e\000d\000g\000e\000\040\000S\000t\000r\000e\000a\000m\000s}{}% 21
\BOOKMARK [2][-]{subsubsection.4.0.1}{\376\377\000A\000b\000s\000t\000r\000a\000c\000t}{section.4}% 22
\BOOKMARK [3][-]{subsubsection.4.0.2}{\376\377\0001\000.\000\040\000I\000n\000t\000r\000o\000d\000u\000c\000t\000i\000o\000n}{subsubsection.4.0.1}% 23
\BOOKMARK [3][-]{subsubsection.4.0.3}{\376\377\0002\000.\000\040\000M\000e\000t\000h\000o\000d\000o\000l\000o\000g\000y}{subsubsection.4.0.1}% 24
\BOOKMARK [3][-]{subsubsection.4.0.4}{\376\377\0003\000.\000\040\000S\000c\000a\000l\000a\000b\000i\000l\000i\000t\000y\000:\000\040\000L\000a\000z\000y\000\040\000D\000e\000c\000a\000y}{subsubsection.4.0.1}% 25
\BOOKMARK [3][-]{subsubsection.4.0.5}{\376\377\0004\000.\000\040\000C\000o\000n\000c\000l\000u\000s\000i\000o\000n}{subsubsection.4.0.1}% 26
\BOOKMARK [1][-]{section.5}{\376\377\000H\000o\000l\000o\000g\000r\000a\000p\000h\000i\000c\000\040\000I\000n\000d\000e\000x\000i\000n\000g\000:\000\040\000P\000r\000i\000v\000a\000c\000y\000-\000P\000r\000e\000s\000e\000r\000v\000i\000n\000g\000\040\000D\000i\000s\000c\000o\000v\000e\000r\000y\000\040\000i\000n\000\040\000F\000e\000d\000e\000r\000a\000t\000e\000d\000\040\000K\000n\000o\000w\000l\000e\000d\000g\000e\000\040\000N\000e\000t\000w\000o\000r\000k\000s}{}% 27
\BOOKMARK [2][-]{subsubsection.5.0.1}{\376\377\000A\000b\000s\000t\000r\000a\000c\000t}{section.5}% 28
\BOOKMARK [3][-]{subsubsection.5.0.2}{\376\377\0001\000.\000\040\000I\000n\000t\000r\000o\000d\000u\000c\000t\000i\000o\000n}{subsubsection.5.0.1}% 29
\BOOKMARK [3][-]{subsubsection.5.0.3}{\376\377\0002\000.\000\040\000T\000i\000e\000r\000\040\0001\000:\000\040\000T\000h\000e\000\040\000E\000n\000t\000i\000t\000y\000\040\000H\000o\000l\000o\000g\000r\000a\000m}{subsubsection.5.0.1}% 30
\BOOKMARK [3][-]{subsubsection.5.0.4}{\376\377\0003\000.\000\040\000T\000i\000e\000r\000\040\0002\000:\000\040\000T\000h\000e\000\040\000C\000o\000m\000m\000u\000n\000i\000t\000y\000\040\000H\000o\000l\000o\000g\000r\000a\000m}{subsubsection.5.0.1}% 31
\BOOKMARK [3][-]{subsubsection.5.0.5}{\376\377\0004\000.\000\040\000E\000n\000t\000e\000r\000p\000r\000i\000s\000e\000\040\000S\000e\000c\000u\000r\000i\000t\000y\000\040\000\050\000v\0001\000.\0002\000.\0000\000\051}{subsubsection.5.0.1}% 32
\BOOKMARK [3][-]{subsubsection.5.0.6}{\376\377\0005\000.\000\040\000C\000o\000n\000c\000l\000u\000s\000i\000o\000n}{subsubsection.5.0.1}% 33
\BOOKMARK [1][-]{section.6}{\376\377\000B\000a\000y\000e\000s\000i\000a\000n\000\040\000B\000e\000a\000m\000\040\000S\000e\000a\000r\000c\000h\000:\000\040\000P\000r\000o\000b\000a\000b\000i\000l\000i\000s\000t\000i\000c\000\040\000G\000r\000a\000p\000h\000\040\000T\000r\000a\000v\000e\000r\000s\000a\000l\000\040\000u\000n\000d\000e\000r\000\040\000T\000o\000p\000o\000l\000o\000g\000i\000c\000a\000l\000\040\000U\000n\000c\000e\000r\000t\000a\000i\000n\000t\000y}{}% 34
\BOOKMARK [2][-]{subsubsection.6.0.1}{\376\377\000A\000b\000s\000t\000r\000a\000c\000t}{section.6}% 35
\BOOKMARK [3][-]{subsubsection.6.0.2}{\376\377\0001\000.\000\040\000I\000n\000t\000r\000o\000d\000u\000c\000t\000i\000o\000n}{subsubsection.6.0.1}% 36
\BOOKMARK [3][-]{subsubsection.6.0.3}{\376\377\0002\000.\000\040\000M\000e\000t\000h\000o\000d\000o\000l\000o\000g\000y}{subsubsection.6.0.1}% 37
\BOOKMARK [3][-]{subsubsection.6.0.4}{\376\377\0003\000.\000\040\000C\000o\000n\000c\000l\000u\000s\000i\000o\000n}{subsubsection.6.0.1}% 38
\BOOKMARK [1][-]{section.7}{\376\377\000T\000h\000e\000\040\000R\000E\000M\000\040\000C\000y\000c\000l\000e\000:\000\040\000M\000e\000t\000a\000c\000o\000g\000n\000i\000t\000i\000v\000e\000\040\000M\000a\000i\000n\000t\000e\000n\000a\000n\000c\000e\000\040\000a\000n\000d\000\040\000I\000n\000s\000i\000g\000h\000t\000\040\000S\000y\000n\000t\000h\000e\000s\000i\000s\000\040\000i\000n\000\040\000A\000u\000t\000o\000n\000o\000m\000o\000u\000s\000\040\000K\000n\000o\000w\000l\000e\000d\000g\000e\000\040\000G\000r\000a\000p\000h\000s}{}% 39
\BOOKMARK [2][-]{subsubsection.7.0.1}{\376\377\000A\000b\000s\000t\000r\000a\000c\000t}{section.7}% 40
\BOOKMARK [3][-]{subsubsection.7.0.2}{\376\377\0001\000.\000\040\000I\000n\000t\000r\000o\000d\000u\000c\000t\000i\000o\000n}{subsubsection.7.0.1}% 41
\BOOKMARK [3][-]{subsubsection.7.0.3}{\376\377\0002\000.\000\040\000M\000e\000t\000h\000o\000d\000o\000l\000o\000g\000y}{subsubsection.7.0.1}% 42
\BOOKMARK [3][-]{subsubsection.7.0.4}{\376\377\0003\000.\000\040\000C\000o\000n\000c\000l\000u\000s\000i\000o\000n}{subsubsection.7.0.1}% 43
\BOOKMARK [1][-]{section.8}{\376\377\000C\000r\000o\000s\000s\000-\000M\000o\000d\000a\000l\000\040\000A\000l\000i\000g\000n\000m\000e\000n\000t\000\040\000v\000i\000a\000\040\000O\000r\000t\000h\000o\000g\000o\000n\000a\000l\000\040\000P\000r\000o\000c\000r\000u\000s\000t\000e\000s\000:\000\040\000B\000r\000i\000d\000g\000i\000n\000g\000\040\000S\000i\000g\000n\000a\000l\000s\000\040\000a\000n\000d\000\040\000S\000y\000m\000b\000o\000l\000s\000\040\000i\000n\000\040\000K\000n\000o\000w\000l\000e\000d\000g\000e\000\040\000G\000r\000a\000p\000h\000s}{}% 44
\BOOKMARK [2][-]{subsubsection.8.0.1}{\376\377\000A\000b\000s\000t\000r\000a\000c\000t}{section.8}% 45
\BOOKMARK [3][-]{subsubsection.8.0.2}{\376\377\0001\000.\000\040\000I\000n\000t\000r\000o\000d\000u\000c\000t\000i\000o\000n}{subsubsection.8.0.1}% 46
\BOOKMARK [3][-]{subsubsection.8.0.3}{\376\377\0002\000.\000\040\000M\000e\000t\000h\000o\000d\000o\000l\000o\000g\000y}{subsubsection.8.0.1}% 47
\BOOKMARK [3][-]{subsubsection.8.0.4}{\376\377\0003\000.\000\040\000S\000t\000a\000b\000i\000l\000i\000t\000y\000:\000\040\000T\000h\000e\000\040\000C\000a\000n\000o\000n\000i\000c\000a\000l\000\040\000A\000n\000c\000h\000o\000r}{subsubsection.8.0.1}% 48
\BOOKMARK [3][-]{subsubsection.8.0.5}{\376\377\0004\000.\000\040\000I\000m\000p\000l\000e\000m\000e\000n\000t\000a\000t\000i\000o\000n\000\040\000\050\000v\0001\000.\0002\000.\0000\000\051}{subsubsection.8.0.1}% 49
\BOOKMARK [3][-]{subsubsection.8.0.6}{\376\377\0005\000.\000\040\000C\000o\000n\000c\000l\000u\000s\000i\000o\000n}{subsubsection.8.0.1}% 50
\BOOKMARK [1][-]{section.9}{\376\377\000T\000H\000A\000L\000A\000M\000U\000S\000:\000\040\000I\000n\000t\000e\000l\000l\000i\000g\000e\000n\000t\000\040\000I\000n\000g\000e\000s\000t\000i\000o\000n\000\040\000a\000n\000d\000\040\000N\000a\000m\000e\000s\000p\000a\000c\000e\000\040\000I\000s\000o\000l\000a\000t\000i\000o\000n\000\040\000f\000o\000r\000\040\000H\000e\000t\000e\000r\000o\000g\000e\000n\000e\000o\000u\000s\000\040\000K\000n\000o\000w\000l\000e\000d\000g\000e\000\040\000G\000r\000a\000p\000h\000s}{}% 51
\BOOKMARK [2][-]{subsubsection.9.0.1}{\376\377\000A\000b\000s\000t\000r\000a\000c\000t}{section.9}% 52
\BOOKMARK [3][-]{subsubsection.9.0.2}{\376\377\0001\000.\000\040\000I\000n\000t\000r\000o\000d\000u\000c\000t\000i\000o\000n}{subsubsection.9.0.1}% 53
\BOOKMARK [3][-]{subsubsection.9.0.3}{\376\377\0002\000.\000\040\000M\000e\000t\000h\000o\000d\000o\000l\000o\000g\000y}{subsubsection.9.0.1}% 54
\BOOKMARK [3][-]{subsubsection.9.0.4}{\376\377\0003\000.\000\040\000S\000c\000a\000l\000a\000b\000i\000l\000i\000t\000y\000:\000\040\000P\000a\000r\000a\000l\000l\000e\000l\000\040\000P\000r\000e\000p\000r\000o\000c\000e\000s\000s\000i\000n\000g\000\040\000\050\000v\0001\000.\0002\000.\0000\000\051}{subsubsection.9.0.1}% 55
\BOOKMARK [3][-]{subsubsection.9.0.5}{\376\377\0004\000.\000\040\000C\000o\000n\000c\000l\000u\000s\000i\000o\000n}{subsubsection.9.0.1}% 56
\BOOKMARK [1][-]{section.10}{\376\377\000I\000n\000f\000e\000r\000e\000n\000c\000e\000\040\000V\000a\000l\000i\000d\000a\000t\000o\000r\000:\000\040\000A\000\040\000S\000e\000l\000f\000-\000C\000o\000n\000t\000a\000i\000n\000e\000d\000\040\000P\000r\000e\000c\000i\000s\000i\000o\000n\000/\000R\000e\000c\000a\000l\000l\000\040\000H\000a\000r\000n\000e\000s\000s\000\040\000f\000o\000r\000\040\000U\000n\000s\000u\000p\000e\000r\000v\000i\000s\000e\000d\000\040\000G\000r\000a\000p\000h\000\040\000R\000e\000a\000s\000o\000n\000i\000n\000g}{}% 57
\BOOKMARK [2][-]{subsubsection.10.0.1}{\376\377\000A\000b\000s\000t\000r\000a\000c\000t}{section.10}% 58
\BOOKMARK [3][-]{subsubsection.10.0.2}{\376\377\0001\000.\000\040\000I\000n\000t\000r\000o\000d\000u\000c\000t\000i\000o\000n}{subsubsection.10.0.1}% 59
\BOOKMARK [3][-]{subsubsection.10.0.3}{\376\377\0002\000.\000\040\000M\000e\000t\000h\000o\000d\000o\000l\000o\000g\000y}{subsubsection.10.0.1}% 60
\BOOKMARK [3][-]{subsubsection.10.0.4}{\376\377\0003\000.\000\040\000C\000o\000n\000c\000l\000u\000s\000i\000o\000n}{subsubsection.10.0.1}% 61
\BOOKMARK [1][-]{section.11}{\376\377\000C\000o\000n\000t\000r\000a\000d\000i\000c\000t\000i\000o\000n\000\040\000M\000a\000t\000e\000r\000i\000a\000l\000i\000z\000a\000t\000i\000o\000n\000:\000\040\000F\000a\000c\000t\000u\000a\000l\000\040\000C\000o\000n\000f\000l\000i\000c\000t\000\040\000a\000s\000\040\000a\000\040\000F\000i\000r\000s\000t\000-\000C\000l\000a\000s\000s\000\040\000S\000i\000g\000n\000a\000l\000\040\000i\000n\000\040\000K\000n\000o\000w\000l\000e\000d\000g\000e\000\040\000G\000r\000a\000p\000h\000s}{}% 62
\BOOKMARK [2][-]{subsubsection.11.0.1}{\376\377\000A\000b\000s\000t\000r\000a\000c\000t}{section.11}% 63
\BOOKMARK [3][-]{subsubsection.11.0.2}{\376\377\0001\000.\000\040\000I\000n\000t\000r\000o\000d\000u\000c\000t\000i\000o\000n}{subsubsection.11.0.1}% 64
\BOOKMARK [3][-]{subsubsection.11.0.3}{\376\377\0002\000.\000\040\000M\000e\000t\000h\000o\000d\000o\000l\000o\000g\000y}{subsubsection.11.0.1}% 65
\BOOKMARK [3][-]{subsubsection.11.0.4}{\376\377\0003\000.\000\040\000C\000o\000n\000c\000l\000u\000s\000i\000o\000n}{subsubsection.11.0.1}% 66
\BOOKMARK [1][-]{section.12}{\376\377\000G\000l\000a\000s\000s\000-\000B\000o\000x\000\040\000R\000e\000a\000s\000o\000n\000i\000n\000g\000\040\000S\000t\000u\000d\000i\000o\000:\000\040\000V\000i\000s\000u\000a\000l\000i\000z\000i\000n\000g\000\040\000G\000r\000a\000p\000h\000\040\000A\000t\000t\000e\000n\000t\000i\000o\000n\000\040\000a\000n\000d\000\040\000L\000a\000t\000e\000n\000t\000\040\000M\000u\000l\000t\000i\000-\000H\000o\000p\000\040\000I\000n\000f\000e\000r\000e\000n\000c\000e}{}% 67
\BOOKMARK [2][-]{subsubsection.12.0.1}{\376\377\000A\000b\000s\000t\000r\000a\000c\000t}{section.12}% 68
\BOOKMARK [3][-]{subsubsection.12.0.2}{\376\377\0001\000.\000\040\000I\000n\000t\000r\000o\000d\000u\000c\000t\000i\000o\000n}{subsubsection.12.0.1}% 69
\BOOKMARK [3][-]{subsubsection.12.0.3}{\376\377\0002\000.\000\040\000F\000o\000r\000e\000n\000s\000i\000c\000\040\000V\000i\000s\000u\000a\000l\000i\000z\000a\000t\000i\000o\000n\000\040\000M\000e\000t\000h\000o\000d\000o\000l\000o\000g\000y}{subsubsection.12.0.1}% 70
\BOOKMARK [3][-]{subsubsection.12.0.4}{\376\377\0003\000.\000\040\000I\000n\000t\000e\000r\000a\000c\000t\000i\000v\000e\000\040\000D\000e\000b\000u\000g\000g\000i\000n\000g\000\040\000\050\000v\0001\000.\0002\000.\0000\000\051}{subsubsection.12.0.1}% 71
\BOOKMARK [3][-]{subsubsection.12.0.5}{\376\377\0004\000.\000\040\000C\000o\000n\000c\000l\000u\000s\000i\000o\000n}{subsubsection.12.0.1}% 72
\BOOKMARK [1][-]{section.13}{\376\377\000R\000e\000a\000l\000-\000T\000i\000m\000e\000\040\000S\000t\000r\000e\000a\000m\000i\000n\000g\000\040\000C\000o\000g\000n\000i\000t\000i\000o\000n\000:\000\040\000C\000o\000n\000t\000i\000n\000u\000o\000u\000s\000\040\000I\000n\000g\000e\000s\000t\000,\000\040\000I\000n\000c\000r\000e\000m\000e\000n\000t\000a\000l\000\040\000D\000S\000C\000F\000,\000\040\000a\000n\000d\000\040\000E\000v\000e\000n\000t\000-\000D\000r\000i\000v\000e\000n\000\040\000R\000e\000a\000s\000o\000n\000i\000n\000g\000\040\000i\000n\000\040\000K\000n\000o\000w\000l\000e\000d\000g\000e\000\040\000G\000r\000a\000p\000h\000s}{}% 73
\BOOKMARK [2][-]{subsubsection.13.0.1}{\376\377\000A\000b\000s\000t\000r\000a\000c\000t}{section.13}% 74
\BOOKMARK [3][-]{subsubsection.13.0.2}{\376\377\0001\000.\000\040\000I\000n\000t\000r\000o\000d\000u\000c\000t\000i\000o\000n}{subsubsection.13.0.1}% 75
\BOOKMARK [3][-]{subsubsection.13.0.3}{\376\377\0002\000.\000\040\000A\000r\000c\000h\000i\000t\000e\000c\000t\000u\000r\000e}{subsubsection.13.0.1}% 76
\BOOKMARK [3][-]{subsubsection.13.0.4}{\376\377\0003\000.\000\040\000Q\000u\000e\000r\000y\000\040\000S\000n\000a\000p\000s\000h\000o\000t\000\040\000I\000s\000o\000l\000a\000t\000i\000o\000n\000\040\000U\000n\000d\000e\000r\000\040\000S\000t\000r\000e\000a\000m\000i\000n\000g}{subsubsection.13.0.1}% 77
\BOOKMARK [3][-]{subsubsection.13.0.5}{\376\377\0004\000.\000\040\000P\000r\000i\000o\000r\000\040\000A\000r\000t\000\040\000D\000i\000f\000f\000e\000r\000e\000n\000t\000i\000a\000t\000i\000o\000n}{subsubsection.13.0.1}% 78
\BOOKMARK [3][-]{subsubsection.13.0.6}{\376\377\0005\000.\000\040\000E\000x\000p\000e\000r\000i\000m\000e\000n\000t\000a\000l\000\040\000E\000v\000a\000l\000u\000a\000t\000i\000o\000n}{subsubsection.13.0.1}% 79
\BOOKMARK [3][-]{subsubsection.13.0.7}{\376\377\0006\000.\000\040\000C\000o\000n\000c\000l\000u\000s\000i\000o\000n}{subsubsection.13.0.1}% 80
\BOOKMARK [1][-]{section.14}{\376\377\000M\000e\000t\000a\000c\000o\000g\000n\000i\000t\000i\000v\000e\000\040\000V\000e\000r\000i\000f\000i\000c\000a\000t\000i\000o\000n\000\040\000i\000n\000\040\000K\000n\000o\000w\000l\000e\000d\000g\000e\000\040\000G\000r\000a\000p\000h\000\040\000R\000e\000a\000s\000o\000n\000i\000n\000g\000:\000\040\000I\000n\000s\000i\000g\000h\000t\000V\000a\000l\000i\000d\000a\000t\000o\000r\000,\000\040\000M\000e\000t\000a\000I\000n\000s\000i\000g\000h\000t\000E\000n\000g\000i\000n\000e\000,\000\040\000a\000n\000d\000\040\000S\000e\000c\000o\000n\000d\000-\000O\000r\000d\000e\000r\000\040\000S\000t\000r\000u\000c\000t\000u\000r\000a\000l\000\040\000R\000e\000a\000s\000o\000n\000i\000n\000g}{}% 81
\BOOKMARK [2][-]{subsubsection.14.0.1}{\376\377\000A\000b\000s\000t\000r\000a\000c\000t}{section.14}% 82
\BOOKMARK [3][-]{subsubsection.14.0.2}{\376\377\0001\000.\000\040\000I\000n\000t\000r\000o\000d\000u\000c\000t\000i\000o\000n}{subsubsection.14.0.1}% 83
\BOOKMARK [3][-]{subsubsection.14.0.3}{\376\377\0002\000.\000\040\000T\000h\000e\000\040\000I\000n\000s\000i\000g\000h\000t\000V\000a\000l\000i\000d\000a\000t\000o\000r}{subsubsection.14.0.1}% 84
\BOOKMARK [3][-]{subsubsection.14.0.4}{\376\377\0003\000.\000\040\000T\000h\000e\000\040\000M\000e\000t\000a\000I\000n\000s\000i\000g\000h\000t\000E\000n\000g\000i\000n\000e}{subsubsection.14.0.1}% 85
\BOOKMARK [3][-]{subsubsection.14.0.5}{\376\377\0004\000.\000\040\000P\000r\000i\000o\000r\000\040\000A\000r\000t\000\040\000D\000i\000f\000f\000e\000r\000e\000n\000t\000i\000a\000t\000i\000o\000n}{subsubsection.14.0.1}% 86
\BOOKMARK [3][-]{subsubsection.14.0.6}{\376\377\0005\000.\000\040\000E\000x\000p\000e\000r\000i\000m\000e\000n\000t\000a\000l\000\040\000R\000e\000s\000u\000l\000t\000s}{subsubsection.14.0.1}% 87
\BOOKMARK [3][-]{subsubsection.14.0.7}{\376\377\0006\000.\000\040\000C\000o\000n\000c\000l\000u\000s\000i\000o\000n}{subsubsection.14.0.1}% 88
\BOOKMARK [1][-]{section.15}{\376\377\000A\000l\000g\000o\000r\000i\000t\000h\000m\000i\000c\000\040\000D\000e\000p\000t\000h\000\040\000i\000n\000\040\000K\000n\000o\000w\000l\000e\000d\000g\000e\000\040\000G\000r\000a\000p\000h\000\040\000R\000e\000a\000s\000o\000n\000i\000n\000g\000:\000\040\000T\000e\000m\000p\000o\000r\000a\000l\000\040\000E\000d\000g\000e\000s\000,\000\040\000U\000n\000c\000e\000r\000t\000a\000i\000n\000t\000y\000\040\000P\000r\000o\000p\000a\000g\000a\000t\000i\000o\000n\000,\000\040\000S\000o\000f\000t\000\040\000C\000o\000m\000m\000u\000n\000i\000t\000y\000\040\000M\000e\000m\000b\000e\000r\000s\000h\000i\000p\000,\000\040\000L\000e\000a\000r\000n\000e\000d\000\040\000C\000S\000A\000\040\000P\000a\000r\000a\000m\000e\000t\000e\000r\000s\000,\000\040\000a\000n\000d\000\040\000G\000r\000a\000p\000h\000\040\000E\000m\000b\000e\000d\000d\000i\000n\000g\000\040\000I\000n\000t\000e\000g\000r\000a\000t\000i\000o\000n}{}% 89
\BOOKMARK [2][-]{subsubsection.15.0.1}{\376\377\000A\000b\000s\000t\000r\000a\000c\000t}{section.15}% 90
\BOOKMARK [3][-]{subsubsection.15.0.2}{\376\377\0001\000.\000\040\000I\000n\000t\000r\000o\000d\000u\000c\000t\000i\000o\000n}{subsubsection.15.0.1}% 91
\BOOKMARK [3][-]{subsubsection.15.0.3}{\376\377\0002\000.\000\040\000T\000e\000m\000p\000o\000r\000a\000l\000\040\000E\000d\000g\000e\000\040\000V\000a\000l\000i\000d\000i\000t\000y}{subsubsection.15.0.1}% 92
\BOOKMARK [3][-]{subsubsection.15.0.4}{\376\377\0003\000.\000\040\000U\000n\000c\000e\000r\000t\000a\000i\000n\000t\000y\000\040\000P\000r\000o\000p\000a\000g\000a\000t\000i\000o\000n}{subsubsection.15.0.1}% 93
\BOOKMARK [3][-]{subsubsection.15.0.5}{\376\377\0004\000.\000\040\000S\000o\000f\000t\000\040\000C\000o\000m\000m\000u\000n\000i\000t\000y\000\040\000M\000e\000m\000b\000e\000r\000s\000h\000i\000p}{subsubsection.15.0.1}% 94
\BOOKMARK [3][-]{subsubsection.15.0.6}{\376\377\0005\000.\000\040\000C\000S\000A\000P\000a\000r\000a\000m\000e\000t\000e\000r\000L\000e\000a\000r\000n\000e\000r}{subsubsection.15.0.1}% 95
\BOOKMARK [3][-]{subsubsection.15.0.7}{\376\377\0006\000.\000\040\000K\000G\000E\000\040\000E\000m\000b\000e\000d\000d\000i\000n\000g\000\040\000I\000n\000t\000e\000g\000r\000a\000t\000i\000o\000n}{subsubsection.15.0.1}% 96
\BOOKMARK [3][-]{subsubsection.15.0.8}{\376\377\0007\000.\000\040\000P\000r\000i\000o\000r\000\040\000A\000r\000t\000\040\000D\000i\000f\000f\000e\000r\000e\000n\000t\000i\000a\000t\000i\000o\000n}{subsubsection.15.0.1}% 97
\BOOKMARK [3][-]{subsubsection.15.0.9}{\376\377\0008\000.\000\040\000E\000x\000p\000e\000r\000i\000m\000e\000n\000t\000a\000l\000\040\000R\000e\000s\000u\000l\000t\000s}{subsubsection.15.0.1}% 98
\BOOKMARK [3][-]{subsubsection.15.0.10}{\376\377\0009\000.\000\040\000C\000o\000n\000c\000l\000u\000s\000i\000o\000n}{subsubsection.15.0.1}% 99
\BOOKMARK [1][-]{section.16}{\376\377\000S\000t\000r\000u\000c\000t\000u\000r\000a\000l\000\040\000H\000o\000l\000e\000\040\000P\000a\000t\000c\000h\000i\000n\000g\000\040\000i\000n\000\040\000P\000r\000o\000d\000u\000c\000t\000i\000o\000n\000\040\000K\000n\000o\000w\000l\000e\000d\000g\000e\000\040\000G\000r\000a\000p\000h\000\040\000S\000y\000s\000t\000e\000m\000s\000:\000\040\000E\000i\000g\000h\000t\000\040\000C\000r\000o\000s\000s\000-\000F\000e\000a\000t\000u\000r\000e\000\040\000I\000n\000t\000e\000r\000a\000c\000t\000i\000o\000n\000\040\000B\000u\000g\000s\000\040\000a\000n\000d\000\040\000T\000h\000e\000i\000r\000\040\000F\000i\000x\000e\000s}{}% 100
\BOOKMARK [2][-]{subsubsection.16.0.1}{\376\377\000A\000b\000s\000t\000r\000a\000c\000t}{section.16}% 101
\BOOKMARK [3][-]{subsubsection.16.0.2}{\376\377\0001\000.\000\040\000I\000n\000t\000r\000o\000d\000u\000c\000t\000i\000o\000n}{subsubsection.16.0.1}% 102
\BOOKMARK [3][-]{subsubsection.16.0.3}{\376\377\0002\000.\000\040\000P\000h\000a\000s\000e\000\040\0001\0009\000\040\000S\000t\000r\000u\000c\000t\000u\000r\000a\000l\000\040\000H\000o\000l\000e\000s}{subsubsection.16.0.1}% 103
\BOOKMARK [3][-]{subsubsection.16.0.4}{\376\377\0003\000.\000\040\000P\000h\000a\000s\000e\000\040\0002\0000\000\040\000S\000t\000r\000u\000c\000t\000u\000r\000a\000l\000\040\000H\000o\000l\000e\000s}{subsubsection.16.0.1}% 104
\BOOKMARK [3][-]{subsubsection.16.0.5}{\376\377\0004\000.\000\040\000G\000e\000n\000e\000r\000a\000l\000i\000z\000a\000t\000i\000o\000n\000:\000\040\000A\000\040\000T\000a\000x\000o\000n\000o\000m\000y\000\040\000o\000f\000\040\000S\000t\000r\000u\000c\000t\000u\000r\000a\000l\000\040\000H\000o\000l\000e\000s}{subsubsection.16.0.1}% 105
\BOOKMARK [3][-]{subsubsection.16.0.6}{\376\377\0005\000.\000\040\000C\000o\000n\000c\000l\000u\000s\000i\000o\000n}{subsubsection.16.0.1}% 106
\BOOKMARK [1][-]{section*.2}{\376\377\000R\000e\000f\000e\000r\000e\000n\000c\000e\000s}{}% 107
