\BOOKMARK [1][-]{section.1}{\376\377\000C\000E\000R\000E\000B\000R\000U\000M\000:\000\040\000C\000o\000m\000m\000u\000n\000i\000t\000y\000-\000S\000t\000r\000u\000c\000t\000u\000r\000e\000d\000\040\000G\000r\000a\000p\000h\000\040\000A\000t\000t\000e\000n\000t\000i\000o\000n\000\040\000f\000o\000r\000\040\000K\000n\000o\000w\000l\000e\000d\000g\000e\000\040\000G\000r\000a\000p\000h\000\040\000R\000e\000a\000s\000o\000n\000i\000n\000g}{}% 1
\BOOKMARK [2][-]{subsection.1.1}{\376\377\000Q\000u\000i\000c\000k\000\040\000R\000e\000f\000e\000r\000e\000n\000c\000e}{section.1}% 2
\BOOKMARK [2][-]{subsection.1.2}{\376\377\000A\000b\000s\000t\000r\000a\000c\000t}{section.1}% 3
\BOOKMARK [3][-]{subsubsection.1.2.1}{\376\377\000T\000a\000b\000l\000e\000\040\0001\000:\000\040\000C\000o\000m\000p\000a\000r\000a\000t\000i\000v\000e\000\040\000V\000a\000l\000u\000e\000\040\000P\000r\000o\000p\000o\000s\000i\000t\000i\000o\000n}{subsection.1.2}% 4
\BOOKMARK [2][-]{subsection.1.3}{\376\377\0001\000.\000\040\000I\000n\000t\000r\000o\000d\000u\000c\000t\000i\000o\000n}{section.1}% 5
\BOOKMARK [3][-]{subsubsection.1.3.1}{\376\377\0001\000.\0001\000\040\000T\000h\000e\000\040\000G\000a\000p\000\040\000B\000e\000t\000w\000e\000e\000n\000\040\000K\000n\000o\000w\000l\000e\000d\000g\000e\000\040\000G\000r\000a\000p\000h\000s\000\040\000a\000n\000d\000\040\000L\000a\000n\000g\000u\000a\000g\000e\000\040\000M\000o\000d\000e\000l\000s}{subsection.1.3}% 6
\BOOKMARK [3][-]{subsubsection.1.3.2}{\376\377\0001\000.\0002\000\040\000T\000h\000e\000\040\000C\000o\000r\000e\000\040\000O\000b\000s\000e\000r\000v\000a\000t\000i\000o\000n}{subsection.1.3}% 7
\BOOKMARK [3][-]{subsubsection.1.3.3}{\376\377\0001\000.\0003\000\040\000C\000o\000n\000t\000r\000i\000b\000u\000t\000i\000o\000n\000s}{subsection.1.3}% 8
\BOOKMARK [2][-]{subsection.1.4}{\376\377\0002\000.\000\040\000B\000a\000c\000k\000g\000r\000o\000u\000n\000d\000\040\000a\000n\000d\000\040\000R\000e\000l\000a\000t\000e\000d\000\040\000W\000o\000r\000k}{section.1}% 9
\BOOKMARK [3][-]{subsubsection.1.4.1}{\376\377\0002\000.\0001\000\040\000G\000r\000a\000p\000h\000\040\000N\000e\000u\000r\000a\000l\000\040\000N\000e\000t\000w\000o\000r\000k\000s}{subsection.1.4}% 10
\BOOKMARK [3][-]{subsubsection.1.4.2}{\376\377\0002\000.\0002\000\040\000K\000n\000o\000w\000l\000e\000d\000g\000e\000\040\000G\000r\000a\000p\000h\000\040\000R\000e\000a\000s\000o\000n\000i\000n\000g}{subsection.1.4}% 11
\BOOKMARK [3][-]{subsubsection.1.4.3}{\376\377\0002\000.\0003\000\040\000L\000L\000M\000\040\000+\000\040\000K\000G\000\040\000H\000y\000b\000r\000i\000d\000\040\000S\000y\000s\000t\000e\000m\000s}{subsection.1.4}% 12
\BOOKMARK [3][-]{subsubsection.1.4.4}{\376\377\0002\000.\0004\000\040\000C\000o\000m\000m\000u\000n\000i\000t\000y\000\040\000D\000e\000t\000e\000c\000t\000i\000o\000n}{subsection.1.4}% 13
\BOOKMARK [2][-]{subsection.1.5}{\376\377\0003\000.\000\040\000T\000h\000e\000\040\000S\000t\000r\000u\000c\000t\000u\000r\000a\000l\000\040\000E\000q\000u\000i\000v\000a\000l\000e\000n\000c\000e}{section.1}% 14
\BOOKMARK [2][-]{subsection.1.6}{\376\377\0004\000.\000\040\000T\000h\000e\000\040\000C\000E\000R\000E\000B\000R\000U\000M\000\040\000A\000r\000c\000h\000i\000t\000e\000c\000t\000u\000r\000e}{section.1}% 15
\BOOKMARK [3][-]{subsubsection.1.6.1}{\376\377\0004\000.\0001\000\040\000C\000o\000m\000m\000u\000n\000i\000t\000y\000-\000S\000t\000r\000u\000c\000t\000u\000r\000e\000d\000\040\000A\000t\000t\000e\000n\000t\000i\000o\000n\000\040\000\050\000C\000S\000A\000\051}{subsection.1.6}% 16
\BOOKMARK [3][-]{subsubsection.1.6.2}{\376\377\0004\000.\0002\000\040\000D\000u\000a\000l\000-\000S\000i\000g\000n\000a\000l\000\040\000C\000o\000m\000m\000u\000n\000i\000t\000y\000\040\000F\000u\000s\000i\000o\000n\000\040\000\050\000D\000S\000C\000F\000\051}{subsection.1.6}% 17
\BOOKMARK [3][-]{subsubsection.1.6.3}{\376\377\0004\000.\0003\000\040\000P\000r\000o\000b\000a\000b\000i\000l\000i\000s\000t\000i\000c\000\040\000T\000r\000a\000v\000e\000r\000s\000a\000l\000:\000\040\000B\000a\000y\000e\000s\000i\000a\000n\000\040\000B\000e\000a\000m\000\040\000S\000e\000a\000r\000c\000h\000\040\000\050\000v\0001\000.\0001\000.\0000\000\051}{subsection.1.6}% 18
\BOOKMARK [3][-]{subsubsection.1.6.4}{\376\377\0004\000.\0004\000\040\000C\000r\000o\000s\000s\000-\000M\000o\000d\000a\000l\000\040\000A\000l\000i\000g\000n\000m\000e\000n\000t\000:\000\040\000P\000r\000o\000c\000r\000u\000s\000t\000e\000s\000\040\000S\000V\000D\000\040\000\050\000v\0001\000.\0001\000.\0000\000\051}{subsection.1.6}% 19
\BOOKMARK [3][-]{subsubsection.1.6.5}{\376\377\0004\000.\0005\000\040\000F\000e\000d\000e\000r\000a\000t\000e\000d\000\040\000L\000e\000a\000s\000e\000\040\000\046\000\040\000P\000i\000n\000n\000i\000n\000g\000\040\000\050\000v\0001\000.\0001\000.\0000\000\051}{subsection.1.6}% 20
\BOOKMARK [3][-]{subsubsection.1.6.6}{\376\377\0004\000.\0006\000\040\000C\000r\000y\000p\000t\000o\000g\000r\000a\000p\000h\000i\000c\000\040\000P\000a\000t\000h\000\040\000P\000r\000o\000v\000e\000n\000a\000n\000c\000e\000:\000\040\000H\000M\000A\000C\000-\000S\000H\000A\0002\0005\0006}{subsection.1.6}% 21
\BOOKMARK [3][-]{subsubsection.1.6.7}{\376\377\0004\000.\0007\000\040\000L\000a\000z\000y\000\040\000S\000T\000D\000P\000\040\000W\000e\000i\000g\000h\000t\000\040\000D\000e\000c\000a\000y}{subsection.1.6}% 22
\BOOKMARK [2][-]{subsection.1.7}{\376\377\0005\000.\000\040\000T\000h\000e\000\040\000F\000o\000r\000w\000a\000r\000d\000\040\000P\000a\000s\000s\000:\000\040\000G\000r\000a\000p\000h\000\040\000R\000e\000a\000s\000o\000n\000i\000n\000g}{section.1}% 23
\BOOKMARK [3][-]{subsubsection.1.7.1}{\376\377\0005\000.\0001\000\040\000A\000l\000g\000o\000r\000i\000t\000h\000m}{subsection.1.7}% 24
\BOOKMARK [3][-]{subsubsection.1.7.2}{\376\377\0005\000.\0002\000\040\000C\000o\000m\000m\000u\000n\000i\000t\000y\000\040\000C\000o\000h\000e\000r\000e\000n\000c\000e}{subsection.1.7}% 25
\BOOKMARK [3][-]{subsubsection.1.7.3}{\376\377\0005\000.\0003\000\040\000I\000n\000t\000e\000r\000p\000r\000e\000t\000a\000b\000i\000l\000i\000t\000y}{subsection.1.7}% 26
\BOOKMARK [2][-]{subsection.1.8}{\376\377\0006\000.\000\040\000I\000m\000p\000l\000e\000m\000e\000n\000t\000a\000t\000i\000o\000n\000\040\000A\000r\000c\000h\000i\000t\000e\000c\000t\000u\000r\000e}{section.1}% 27
\BOOKMARK [3][-]{subsubsection.1.8.1}{\376\377\0006\000.\0001\000\040\000D\000e\000s\000i\000g\000n\000\040\000P\000r\000i\000n\000c\000i\000p\000l\000e\000s}{subsection.1.8}% 28
\BOOKMARK [3][-]{subsubsection.1.8.2}{\376\377\0006\000.\0002\000\040\000R\000e\000p\000o\000s\000i\000t\000o\000r\000y\000\040\000S\000t\000r\000u\000c\000t\000u\000r\000e}{subsection.1.8}% 29
\BOOKMARK [3][-]{subsubsection.1.8.3}{\376\377\0006\000.\0003\000\040\000T\000h\000e\000\040\000A\000b\000s\000t\000r\000a\000c\000t\000\040\000G\000r\000a\000p\000h\000\040\000A\000d\000a\000p\000t\000e\000r}{subsection.1.8}% 30
\BOOKMARK [3][-]{subsubsection.1.8.4}{\376\377\0006\000.\0004\000\040\000W\000h\000a\000t\000\040\000C\000o\000m\000e\000s\000\040\000F\000r\000o\000m\000\040\000H\000o\000m\000e\000\040\000A\000s\000s\000i\000s\000t\000a\000n\000t}{subsection.1.8}% 31
\BOOKMARK [3][-]{subsubsection.1.8.5}{\376\377\0006\000.\0005\000\040\000P\000h\000a\000s\000e\000d\000\040\000B\000u\000i\000l\000d\000\040\000P\000l\000a\000n}{subsection.1.8}% 32
\BOOKMARK [3][-]{subsubsection.1.8.6}{\376\377\0006\000.\0006\000\040\000C\000o\000m\000p\000u\000t\000a\000t\000i\000o\000n\000a\000l\000\040\000C\000o\000m\000p\000l\000e\000x\000i\000t\000y}{subsection.1.8}% 33
\BOOKMARK [3][-]{subsubsection.1.8.7}{\376\377\0006\000.\0007\000\040\000K\000n\000o\000w\000n\000\040\000F\000a\000i\000l\000u\000r\000e\000\040\000M\000o\000d\000e\000s}{subsection.1.8}% 34
\BOOKMARK [3][-]{subsubsection.1.8.8}{\376\377\0006\000.\0008\000\040\000H\000o\000r\000i\000z\000o\000n\000t\000a\000l\000\040\000S\000c\000a\000l\000a\000b\000i\000l\000i\000t\000y}{subsection.1.8}% 35
\BOOKMARK [2][-]{subsection.1.9}{\376\377\0007\000.\000\040\000E\000x\000p\000e\000r\000i\000m\000e\000n\000t\000a\000l\000\040\000R\000e\000s\000u\000l\000t\000s}{section.1}% 36
\BOOKMARK [3][-]{subsubsection.1.9.1}{\376\377\0007\000.\0000\000\040\000E\000x\000p\000e\000r\000i\000m\000e\000n\000t\000a\000l\000\040\000E\000n\000v\000i\000r\000o\000n\000m\000e\000n\000t}{subsection.1.9}% 37
\BOOKMARK [3][-]{subsubsection.1.9.2}{\376\377\0007\000.\0001\000\040\000M\000e\000t\000a\000Q\000A\000:\000\040\000T\000h\000e\000\040\000B\000a\000s\000e\000l\000i\000n\000e\000\040\000L\000o\000w\000e\000r\000\040\000B\000o\000u\000n\000d}{subsection.1.9}% 38
\BOOKMARK [3][-]{subsubsection.1.9.3}{\376\377\0007\000.\0002\000\040\000T\000h\000e\000\040\000B\000r\000i\000d\000g\000e\000\040\000B\000o\000n\000u\000s\000\040\000I\000n\000n\000o\000v\000a\000t\000i\000o\000n\000\040\000\050\000E\000F\000-\0000\0000\0005\000\051}{subsection.1.9}% 39
\BOOKMARK [3][-]{subsubsection.1.9.4}{\376\377\0007\000.\0003\000\040\000H\000e\000t\000i\000o\000n\000e\000t\000:\000\040\000B\000i\000o\000m\000e\000d\000i\000c\000a\000l\000\040\000R\000e\000a\000s\000o\000n\000i\000n\000g\000\040\000a\000t\000\040\000S\000c\000a\000l\000e}{subsection.1.9}% 40
\BOOKMARK [3][-]{subsubsection.1.9.5}{\376\377\0007\000.\0004\000\040\000W\000e\000b\000Q\000S\000P\000:\000\040\000R\000e\000a\000l\000-\000w\000o\000r\000l\000d\000\040\000E\000n\000t\000i\000t\000y\000\040\000L\000o\000o\000k\000u\000p}{subsection.1.9}% 41
\BOOKMARK [3][-]{subsubsection.1.9.6}{\376\377\0007\000.\0005\000\040\000K\000e\000y\000\040\000F\000i\000n\000d\000i\000n\000g\000s}{subsection.1.9}% 42
\BOOKMARK [2][-]{subsection.1.10}{\376\377\0008\000.\000\040\000T\000h\000e\000\040\000D\000S\000C\000F\000-\000a\000s\000-\000A\000t\000t\000e\000n\000t\000i\000o\000n\000-\000H\000e\000a\000d\000\040\000H\000y\000p\000o\000t\000h\000e\000s\000i\000s}{section.1}% 43
\BOOKMARK [2][-]{subsection.1.11}{\376\377\0009\000.\000\040\000B\000e\000n\000c\000h\000m\000a\000r\000k\000s\000\040\000a\000n\000d\000\040\000R\000e\000s\000u\000l\000t\000s}{section.1}% 44
\BOOKMARK [3][-]{subsubsection.1.11.1}{\376\377\0009\000.\0001\000\040\000D\000a\000t\000a\000s\000e\000t\000s}{subsection.1.11}% 45
\BOOKMARK [3][-]{subsubsection.1.11.2}{\376\377\0009\000.\0002\000\040\000B\000a\000s\000e\000l\000i\000n\000e\000s}{subsection.1.11}% 46
\BOOKMARK [3][-]{subsubsection.1.11.3}{\376\377\0009\000.\0003\000\040\000M\000e\000t\000r\000i\000c\000s}{subsection.1.11}% 47
\BOOKMARK [3][-]{subsubsection.1.11.4}{\376\377\0009\000.\0004\000\040\000P\000h\000a\000s\000e\000\040\0004\000\040\000R\000e\000s\000u\000l\000t\000s\000\040\000\050\000A\000b\000l\000a\000t\000i\000o\000n\000\040\000S\000t\000u\000d\000y\000\051}{subsection.1.11}% 48
\BOOKMARK [2][-]{subsection.1.12}{\376\377\0001\0000\000.\000\040\000O\000p\000e\000n\000\040\000R\000e\000s\000e\000a\000r\000c\000h\000\040\000Q\000u\000e\000s\000t\000i\000o\000n\000s}{section.1}% 49
\BOOKMARK [3][-]{subsubsection.1.12.1}{\376\377\0009\000.\0001\000\040\000E\000m\000b\000e\000d\000d\000i\000n\000g\000\040\000S\000t\000r\000a\000t\000e\000g\000y}{subsection.1.12}% 50
\BOOKMARK [3][-]{subsubsection.1.12.2}{\376\377\0008\000.\0002\000\040\000A\000d\000a\000p\000t\000i\000v\000e\000\040\000C\000o\000m\000m\000u\000n\000i\000t\000y\000\040\000G\000r\000a\000n\000u\000l\000a\000r\000i\000t\000y}{subsection.1.12}% 51
\BOOKMARK [3][-]{subsubsection.1.12.3}{\376\377\0008\000.\0003\000\040\000S\000o\000f\000t\000\040\000v\000s\000\040\000H\000a\000r\000d\000\040\000C\000o\000m\000m\000u\000n\000i\000t\000y\000\040\000M\000e\000m\000b\000e\000r\000s\000h\000i\000p}{subsection.1.12}% 52
\BOOKMARK [3][-]{subsubsection.1.12.4}{\376\377\0008\000.\0004\000\040\000L\000e\000a\000r\000n\000a\000b\000l\000e\000\040\000P\000a\000r\000a\000m\000e\000t\000e\000r\000s}{subsection.1.12}% 53
\BOOKMARK [3][-]{subsubsection.1.12.5}{\376\377\0008\000.\0005\000\040\000T\000e\000m\000p\000o\000r\000a\000l\000\040\000K\000n\000o\000w\000l\000e\000d\000g\000e\000\040\000G\000r\000a\000p\000h\000s}{subsection.1.12}% 54
\BOOKMARK [2][-]{subsection.1.13}{\376\377\000A\000c\000k\000n\000o\000w\000l\000e\000d\000g\000m\000e\000n\000t\000s\000:\000\040\000I\000n\000t\000e\000l\000l\000e\000c\000t\000u\000a\000l\000\040\000D\000e\000b\000t\000\040\000a\000n\000d\000\040\000C\000r\000e\000d\000i\000t\000s}{section.1}% 55
\BOOKMARK [2][-]{subsection.1.14}{\376\377\0008\000.\0006\000\040\000T\000r\000i\000p\000l\000e\000-\000S\000i\000g\000n\000a\000l\000\040\000C\000o\000n\000s\000e\000n\000s\000u\000s\000\040\000\050\000T\000S\000C\000\051\000:\000\040\000T\000h\000e\000\040\000N\000e\000x\000t\000\040\000F\000r\000o\000n\000t\000i\000e\000r}{section.1}% 56
\BOOKMARK [3][-]{subsubsection.1.14.1}{\376\377\000T\000h\000e\000\040\000M\000o\000t\000i\000v\000a\000t\000i\000o\000n\000\040\000f\000o\000r\000\040\000a\000\040\000T\000h\000i\000r\000d\000\040\000S\000i\000g\000n\000a\000l}{subsection.1.14}% 57
\BOOKMARK [3][-]{subsubsection.1.14.2}{\376\377\000T\000h\000e\000\040\000T\000S\000C\000\040\000C\000o\000m\000p\000o\000n\000e\000n\000t\000s}{subsection.1.14}% 58
\BOOKMARK [3][-]{subsubsection.1.14.3}{\376\377\000C\000o\000n\000s\000e\000n\000s\000u\000s\000\040\000D\000e\000c\000i\000s\000i\000o\000n\000\040\000L\000o\000g\000i\000c}{subsection.1.14}% 59
\BOOKMARK [3][-]{subsubsection.1.14.4}{\376\377\000T\000S\000C\000\040\000D\000e\000v\000e\000l\000o\000p\000m\000e\000n\000t\000\040\000R\000o\000a\000d\000m\000a\000p\000\040\000\050\000P\000h\000a\000s\000e\000s\000\040\0006\040\023\0001\0000\000\051}{subsection.1.14}% 60
\BOOKMARK [2][-]{subsection.1.15}{\376\377\0001\0000\000.\000\040\000B\000r\000o\000a\000d\000e\000r\000\040\000I\000m\000p\000a\000c\000t\000\040\000a\000n\000d\000\040\000A\000p\000p\000l\000i\000c\000a\000t\000i\000o\000n\000s}{section.1}% 61
\BOOKMARK [3][-]{subsubsection.1.15.1}{\376\377\0001\0000\000.\0001\000\040\000D\000o\000m\000a\000i\000n\000\040\000A\000p\000p\000l\000i\000c\000a\000t\000i\000o\000n\000s}{subsection.1.15}% 62
\BOOKMARK [3][-]{subsubsection.1.15.2}{\376\377\0001\0000\000.\0002\000\040\000T\000h\000e\000\040\000L\000L\000M\000\040\000B\000r\000i\000d\000g\000e}{subsection.1.15}% 63
\BOOKMARK [3][-]{subsubsection.1.15.3}{\376\377\0001\0000\000.\0003\000\040\000T\000h\000e\000\040\000A\000g\000n\000o\000s\000t\000i\000c\000i\000s\000m\000\040\000P\000r\000o\000p\000e\000r\000t\000y}{subsection.1.15}% 64
\BOOKMARK [2][-]{subsection.1.16}{\376\377\0001\0001\000.\000\040\000P\000r\000o\000d\000u\000c\000t\000i\000o\000n\000\040\000H\000a\000r\000d\000e\000n\000i\000n\000g\000\040\000\050\000P\000h\000a\000s\000e\000\040\0001\0000\000\051}{section.1}% 65
\BOOKMARK [3][-]{subsubsection.1.16.1}{\376\377\0001\0001\000.\0001\000\040\000J\000W\000T\000\040\000A\000u\000t\000h\000e\000n\000t\000i\000c\000a\000t\000i\000o\000n}{subsection.1.16}% 66
\BOOKMARK [3][-]{subsubsection.1.16.2}{\376\377\0001\0001\000.\0002\000\040\000R\000e\000s\000o\000u\000r\000c\000e\000G\000o\000v\000e\000r\000n\000o\000r}{subsection.1.16}% 67
\BOOKMARK [3][-]{subsubsection.1.16.3}{\376\377\0001\0001\000.\0003\000\040\000A\000s\000y\000n\000c\000h\000r\000o\000n\000o\000u\000s\000\040\000B\000e\000a\000m\000\040\000T\000r\000a\000v\000e\000r\000s\000a\000l}{subsection.1.16}% 68
\BOOKMARK [2][-]{subsection.1.17}{\376\377\0001\0002\000.\000\040\000R\000e\000a\000l\000-\000T\000i\000m\000e\000\040\000S\000t\000r\000e\000a\000m\000i\000n\000g\000\040\000\050\000P\000h\000a\000s\000e\000\040\0001\0001\000\051}{section.1}% 69
\BOOKMARK [3][-]{subsubsection.1.17.1}{\376\377\0001\0002\000.\0001\000\040\000A\000r\000c\000h\000i\000t\000e\000c\000t\000u\000r\000e\000\040\000L\000a\000y\000e\000r\000s}{subsection.1.17}% 70
\BOOKMARK [3][-]{subsubsection.1.17.2}{\376\377\0001\0002\000.\0002\000\040\000S\000l\000i\000d\000i\000n\000g\000\040\000W\000i\000n\000d\000o\000w\000\040\000B\000u\000f\000f\000e\000r}{subsection.1.17}% 71
\BOOKMARK [3][-]{subsubsection.1.17.3}{\376\377\0001\0002\000.\0003\000\040\000S\000i\000g\000n\000a\000l\000\040\000D\000i\000s\000c\000r\000e\000t\000i\000z\000a\000t\000i\000o\000n}{subsection.1.17}% 72
\BOOKMARK [3][-]{subsubsection.1.17.4}{\376\377\0001\0002\000.\0004\000\040\000I\000n\000c\000r\000e\000m\000e\000n\000t\000a\000l\000\040\000C\000o\000m\000m\000u\000n\000i\000t\000y\000\040\000U\000p\000d\000a\000t\000e\000s}{subsection.1.17}% 73
\BOOKMARK [3][-]{subsubsection.1.17.5}{\376\377\0001\0002\000.\0005\000\040\000S\000t\000r\000e\000a\000m\000i\000n\000g\000\040\000A\000P\000I}{subsection.1.17}% 74
\BOOKMARK [2][-]{subsection.1.18}{\376\377\0001\0002\000.\0006\000\040\000B\000r\000i\000d\000g\000e\000\040\000T\000w\000i\000n\000\040\000N\000o\000d\000e\000s\000\040\000\050\000P\000h\000a\000s\000e\000\040\0001\0002\000\051}{section.1}% 75
\BOOKMARK [2][-]{subsection.1.19}{\376\377\0001\0002\000.\0007\000\040\000S\000p\000i\000k\000e\000-\000T\000i\000m\000i\000n\000g\000\040\000D\000e\000p\000e\000n\000d\000e\000n\000t\000\040\000P\000l\000a\000s\000t\000i\000c\000i\000t\000y\000\040\000\050\000P\000h\000a\000s\000e\000\040\0001\0003\000\051}{section.1}% 76
\BOOKMARK [2][-]{subsection.1.20}{\376\377\0001\0002\000.\0008\000\040\000R\000E\000M\000\040\000C\000y\000c\000l\000e\000\040\000M\000e\000m\000o\000r\000y\000\040\000C\000o\000n\000s\000o\000l\000i\000d\000a\000t\000i\000o\000n\000\040\000\050\000P\000h\000a\000s\000e\000\040\0001\0004\000\051}{section.1}% 77
\BOOKMARK [2][-]{subsection.1.21}{\376\377\0001\0002\000.\0009\000\040\000I\000n\000s\000i\000g\000h\000t\000E\000n\000g\000i\000n\000e\000\040\040\024\000\040\000S\000u\000r\000p\000r\000i\000s\000e\000-\000D\000r\000i\000v\000e\000n\000\040\000D\000i\000s\000c\000o\000v\000e\000r\000y\000\040\000\050\000P\000h\000a\000s\000e\000\040\0001\0005\000\051}{section.1}% 78
\BOOKMARK [2][-]{subsection.1.22}{\376\377\0001\0002\000.\0001\0000\000\040\000I\000n\000s\000i\000g\000h\000t\000\040\000V\000a\000l\000i\000d\000a\000t\000i\000o\000n\000\040\000a\000n\000d\000\040\000M\000e\000t\000a\000c\000o\000g\000n\000i\000t\000i\000o\000n\000\040\000\050\000P\000h\000a\000s\000e\000\040\0001\0006\000\051}{section.1}% 79
\BOOKMARK [3][-]{subsubsection.1.22.1}{\376\377\0001\0002\000.\0001\0000\000.\0001\000\040\000I\000n\000s\000i\000g\000h\000t\000V\000a\000l\000i\000d\000a\000t\000o\000r\000\040\040\024\000\040\000B\000i\000l\000a\000t\000e\000r\000a\000l\000\040\000V\000e\000r\000i\000f\000i\000c\000a\000t\000i\000o\000n\000\040\000a\000n\000d\000\040\000T\000r\000i\000a\000n\000g\000u\000l\000a\000t\000i\000o\000n}{subsection.1.22}% 80
\BOOKMARK [3][-]{subsubsection.1.22.2}{\376\377\0001\0002\000.\0001\0000\000.\0002\000\040\000M\000e\000t\000a\000I\000n\000s\000i\000g\000h\000t\000E\000n\000g\000i\000n\000e\000\040\040\024\000\040\000S\000e\000c\000o\000n\000d\000-\000O\000r\000d\000e\000r\000\040\000R\000e\000a\000s\000o\000n\000i\000n\000g}{subsection.1.22}% 81
\BOOKMARK [2][-]{subsection.1.23}{\376\377\0001\0003\000.\000\040\000C\000o\000n\000c\000l\000u\000s\000i\000o\000n}{section.1}% 82
\BOOKMARK [2][-]{subsection.1.24}{\376\377\000R\000e\000f\000e\000r\000e\000n\000c\000e\000s}{section.1}% 83
\BOOKMARK [2][-]{subsection.1.25}{\376\377\000A\000p\000p\000e\000n\000d\000i\000x\000\040\000A\000:\000\040\000T\000S\000C\000\040\000A\000l\000g\000o\000r\000i\000t\000h\000m\000\040\040\024\000\040\000F\000u\000l\000l\000\040\000P\000s\000e\000u\000d\000o\000c\000o\000d\000e}{section.1}% 84
\BOOKMARK [2][-]{subsection.1.26}{\376\377\000A\000p\000p\000e\000n\000d\000i\000x\000\040\000B\000:\000\040\000C\000S\000A\000\040\000W\000e\000i\000g\000h\000t\000\040\000F\000o\000r\000m\000u\000l\000a\000\040\040\024\000\040\000P\000a\000r\000a\000m\000e\000t\000e\000r\000\040\000S\000e\000n\000s\000i\000t\000i\000v\000i\000t\000y}{section.1}% 85
\BOOKMARK [2][-]{subsection.1.27}{\376\377\000A\000p\000p\000e\000n\000d\000i\000x\000\040\000C\000:\000\040\000R\000e\000l\000a\000t\000i\000o\000n\000s\000h\000i\000p\000\040\000t\000o\000\040\000E\000x\000i\000s\000t\000i\000n\000g\000\040\000K\000G\000\040\000E\000m\000b\000e\000d\000d\000i\000n\000g\000\040\000M\000e\000t\000h\000o\000d\000s}{section.1}% 86
\BOOKMARK [2][-]{subsection.1.28}{\376\377\000A\000p\000p\000e\000n\000d\000i\000x\000\040\000D\000:\000\040\000P\000r\000o\000t\000o\000t\000y\000p\000e\000\040\000C\000o\000d\000e\000\040\000\050\000D\000e\000p\000r\000e\000c\000a\000t\000e\000d\000\051}{section.1}% 87
\BOOKMARK [2][-]{subsection.1.29}{\376\377\000A\000p\000p\000e\000n\000d\000i\000x\000\040\000E\000:\000\040\000P\000r\000o\000j\000e\000c\000t\000\040\000B\000o\000o\000t\000s\000t\000r\000a\000p\000\040\000G\000u\000i\000d\000e}{section.1}% 88
\BOOKMARK [3][-]{subsubsection.1.29.1}{\376\377\000E\000.\0001\000\040\000P\000h\000a\000s\000e\000\040\0000\000\040\000C\000o\000m\000p\000l\000e\000t\000i\000o\000n\000\040\000S\000t\000a\000t\000u\000s}{subsection.1.29}% 89
\BOOKMARK [3][-]{subsubsection.1.29.2}{\376\377\000E\000.\0002\000\040\000C\000r\000e\000a\000t\000i\000n\000g\000\040\000t\000h\000e\000\040\000S\000t\000a\000n\000d\000a\000l\000o\000n\000e\000\040\000R\000e\000p\000o}{subsection.1.29}% 90
\BOOKMARK [3][-]{subsubsection.1.29.3}{\376\377\000E\000.\0003\000\040\000D\000e\000p\000e\000n\000d\000e\000n\000c\000i\000e\000s}{subsection.1.29}% 91
\BOOKMARK [3][-]{subsubsection.1.29.4}{\376\377\000E\000.\0004\000\040\000P\000h\000a\000s\000e\000\040\0001\000\040\000T\000a\000s\000k\000\040\000C\000h\000e\000c\000k\000l\000i\000s\000t}{subsection.1.29}% 92
\BOOKMARK [3][-]{subsubsection.1.29.5}{\376\377\000E\000.\0005\000\040\000R\000e\000l\000a\000t\000i\000o\000n\000s\000h\000i\000p\000\040\000t\000o\000\040\000H\000o\000m\000e\000\040\000A\000s\000s\000i\000s\000t\000a\000n\000t}{subsection.1.29}% 93
\BOOKMARK [1][-]{section*.1}{\376\377\000R\000e\000f\000e\000r\000e\000n\000c\000e\000s}{}% 94
